-1.6
-encoding
UTF-8
-classpath
C:\Users\Toshiba\.m2\repository\commons-logging\commons-logging\1.1.1\commons-logging-1.1.1.jar;C:\Users\Toshiba\.m2\repository\org\springframework\spring-web\3.0.2.RELEASE\spring-web-3.0.2.RELEASE.jar;C:\Users\Toshiba\.m2\repository\struts\struts\1.2.7\struts-1.2.7.jar;C:\Users\Toshiba\.m2\repository\commons-beanutils\commons-beanutils\1.8.3\commons-beanutils-1.8.3.jar;C:\Users\Toshiba\.m2\repository\commons-codec\commons-codec\1.7\commons-codec-1.7.jar;C:\Users\Toshiba\.m2\repository\commons-discovery\commons-discovery\0.2\commons-discovery-0.2.jar;C:\Users\Toshiba\.m2\repository\commons-digester\commons-digester\2.1\commons-digester-2.1.jar;C:\Users\Toshiba\.m2\repository\displaytag\displaytag\1.1\displaytag-1.1.jar;C:\Users\Toshiba\.m2\repository\javax\mail\mail\1.4.1\mail-1.4.1.jar;C:\Users\Toshiba\.m2\repository\commons-io\commons-io\2.0.1\commons-io-2.0.1.jar;D:\RI-Timbl\branch\crm-common-utils\target\crm-common-utils-1.0-SNAPSHOT.jar;C:\Users\Toshiba\.m2\repository\org\directwebremoting\dwr\2.0.10\dwr-2.0.10.jar;C:\Users\Toshiba\.m2\repository\com\ckeditor\ckeditor-java-core\3.5.3\ckeditor-java-core-3.5.3.jar;C:\Users\Toshiba\.m2\repository\cglib\cglib\2.2.2\cglib-2.2.2.jar;C:\Users\Toshiba\.m2\repository\org\springframework\spring-aop\3.0.2.RELEASE\spring-aop-3.0.2.RELEASE.jar;C:\Users\Toshiba\.m2\repository\org\aspectj\aspectjrt\1.6.11\aspectjrt-1.6.11.jar;C:\Users\Toshiba\.m2\repository\org\aspectj\aspectjweaver\1.6.11\aspectjweaver-1.6.11.jar;C:\Users\Toshiba\.m2\repository\org\springframework\spring-aspects\3.0.2.RELEASE\spring-aspects-3.0.2.RELEASE.jar;C:\Users\Toshiba\.m2\repository\org\springframework\spring-tx\3.0.2.RELEASE\spring-tx-3.0.2.RELEASE.jar;C:\Users\Toshiba\.m2\repository\displaytag\displaytag-export-poi\1.2\displaytag-export-poi-1.2.jar;C:\Users\Toshiba\.m2\repository\org\apache\poi\poi-ooxml\3.8\poi-ooxml-3.8.jar;C:\Users\Toshiba\.m2\repository\org\apache\poi\poi\3.8\poi-3.8.jar;D:\RI-Timbl\branch\crm-soa-client\target\crm-soa-client-1.0-SNAPSHOT.jar;C:\Users\Toshiba\.m2\repository\jstl\jstl\1.2\jstl-1.2.jar;C:\Users\Toshiba\.m2\repository\com\itextpdf\itextpdf\5.4.5\itextpdf-5.4.5.jar;C:\Users\Toshiba\.m2\repository\org\jboss\web\jbossweb\7.0.13.Final\jbossweb-7.0.13.Final.jar;C:\Users\Toshiba\.m2\repository\org\jboss\logging\jboss-logging\3.3.0.Final\jboss-logging-3.3.0.Final.jar;C:\Users\Toshiba\.m2\repository\com\fasterxml\jackson\core\jackson-databind\2.5.1\jackson-databind-2.5.1.jar;C:\Users\Toshiba\.m2\repository\org\codehaus\jackson\jackson-core-asl\1.9.2\jackson-core-asl-1.9.2.jar;C:\Users\Toshiba\.m2\repository\org\codehaus\jackson\jackson-mapper-asl\1.9.2\jackson-mapper-asl-1.9.2.jar;C:\Users\Toshiba\.m2\repository\com\google\code\gson\gson\1.4\gson-1.4.jar;C:\Users\Toshiba\.m2\repository\org\apache\commons\commons-lang3\3.1\commons-lang3-3.1.jar;C:\Users\Toshiba\.m2\repository\log4j\log4j\1.2.16\log4j-1.2.16.jar;C:\Users\Toshiba\.m2\repository\javax\javaee-api\6.0\javaee-api-6.0.jar;C:\Users\Toshiba\.m2\repository\aopalliance\aopalliance\1.0\aopalliance-1.0.jar;C:\Users\Toshiba\.m2\repository\org\springframework\spring-beans\3.0.2.RELEASE\spring-beans-3.0.2.RELEASE.jar;C:\Users\Toshiba\.m2\repository\org\springframework\spring-context\3.0.2.RELEASE\spring-context-3.0.2.RELEASE.jar;C:\Users\Toshiba\.m2\repository\org\springframework\spring-expression\3.0.2.RELEASE\spring-expression-3.0.2.RELEASE.jar;C:\Users\Toshiba\.m2\repository\org\springframework\spring-core\3.0.2.RELEASE\spring-core-3.0.2.RELEASE.jar;C:\Users\Toshiba\.m2\repository\commons-chain\commons-chain\1.0\commons-chain-1.0.jar;C:\Users\Toshiba\.m2\repository\commons-fileupload\commons-fileupload\1.0\commons-fileupload-1.0.jar;C:\Users\Toshiba\.m2\repository\commons-validator\commons-validator\1.1.4\commons-validator-1.1.4.jar;C:\Users\Toshiba\.m2\repository\oro\oro\2.0.8\oro-2.0.8.jar;C:\Users\Toshiba\.m2\repository\antlr\antlr\2.7.2\antlr-2.7.2.jar;C:\Users\Toshiba\.m2\repository\commons-collections\commons-collections\3.1\commons-collections-3.1.jar;C:\Users\Toshiba\.m2\repository\commons-lang\commons-lang\2.1\commons-lang-2.1.jar;C:\Users\Toshiba\.m2\repository\com\lowagie\itext\1.3\itext-1.3.jar;C:\Users\Toshiba\.m2\repository\javax\activation\activation\1.1\activation-1.1.jar;C:\Users\Toshiba\.m2\repository\com\np\util\pojo-validator\1.7\pojo-validator-1.7.jar;C:\Users\Toshiba\.m2\repository\asm\asm\3.3.1\asm-3.3.1.jar;C:\Users\Toshiba\.m2\repository\org\springframework\spring-asm\3.0.2.RELEASE\spring-asm-3.0.2.RELEASE.jar;C:\Users\Toshiba\.m2\repository\org\springframework\spring-context-support\3.0.2.RELEASE\spring-context-support-3.0.2.RELEASE.jar;C:\Users\Toshiba\.m2\repository\org\springframework\spring-test\3.0.2.RELEASE\spring-test-3.0.2.RELEASE.jar;C:\Users\Toshiba\.m2\repository\org\apache\poi\poi-ooxml-schemas\3.8\poi-ooxml-schemas-3.8.jar;C:\Users\Toshiba\.m2\repository\org\apache\xmlbeans\xmlbeans\2.3.0\xmlbeans-2.3.0.jar;C:\Users\Toshiba\.m2\repository\stax\stax-api\1.0.1\stax-api-1.0.1.jar;C:\Users\Toshiba\.m2\repository\dom4j\dom4j\1.6.1\dom4j-1.6.1.jar;C:\Users\Toshiba\.m2\repository\xml-apis\xml-apis\1.0.b2\xml-apis-1.0.b2.jar;C:\Users\Toshiba\.m2\repository\org\aspectj\aspectjtools\1.6.11\aspectjtools-1.6.11.jar;C:\Users\Toshiba\.m2\repository\com\fasterxml\jackson\core\jackson-annotations\2.5.0\jackson-annotations-2.5.0.jar;C:\Users\Toshiba\.m2\repository\com\fasterxml\jackson\core\jackson-core\2.5.1\jackson-core-2.5.1.jar;D:\RI-Timbl\branch\crm-web-portal\target\classes
-aspectpath
C:\Users\Toshiba\.m2\repository\org\springframework\spring-aspects\3.0.2.RELEASE\spring-aspects-3.0.2.RELEASE.jar
-d
D:\RI-Timbl\branch\crm-web-portal\target\classes
D:\RI-Timbl\branch\crm-web-portal\src\main\java\com\np\tele\crm\alerts\action\EmailAlertAction.java
D:\RI-Timbl\branch\crm-web-portal\src\main\java\com\np\tele\crm\alerts\action\SmsAlertAction.java
D:\RI-Timbl\branch\crm-web-portal\src\main\java\com\np\tele\crm\alerts\action\TemplateMappingAction.java
D:\RI-Timbl\branch\crm-web-portal\src\main\java\com\np\tele\crm\alerts\action\Test.java
D:\RI-Timbl\branch\crm-web-portal\src\main\java\com\np\tele\crm\alerts\bm\DwrManagerImpl.java
D:\RI-Timbl\branch\crm-web-portal\src\main\java\com\np\tele\crm\alerts\bm\EmailAlertImpl.java
D:\RI-Timbl\branch\crm-web-portal\src\main\java\com\np\tele\crm\alerts\bm\EventTemplateMappingImpl.java
D:\RI-Timbl\branch\crm-web-portal\src\main\java\com\np\tele\crm\alerts\bm\IDwrManager.java
D:\RI-Timbl\branch\crm-web-portal\src\main\java\com\np\tele\crm\alerts\bm\IEmailAlert.java
D:\RI-Timbl\branch\crm-web-portal\src\main\java\com\np\tele\crm\alerts\bm\IEventTemplateMapping.java
D:\RI-Timbl\branch\crm-web-portal\src\main\java\com\np\tele\crm\alerts\bm\ISmsAlert.java
D:\RI-Timbl\branch\crm-web-portal\src\main\java\com\np\tele\crm\alerts\bm\SmsAlertImp.java
D:\RI-Timbl\branch\crm-web-portal\src\main\java\com\np\tele\crm\alerts\forms\AlertFormHelper.java
D:\RI-Timbl\branch\crm-web-portal\src\main\java\com\np\tele\crm\alerts\forms\AlertsForm.java
D:\RI-Timbl\branch\crm-web-portal\src\main\java\com\np\tele\crm\aspects\LoggingAspect.java
D:\RI-Timbl\branch\crm-web-portal\src\main\java\com\np\tele\crm\cap\action\CRFValidateAction.java
D:\RI-Timbl\branch\crm-web-portal\src\main\java\com\np\tele\crm\cap\action\CrmCapAction.java
D:\RI-Timbl\branch\crm-web-portal\src\main\java\com\np\tele\crm\cap\bm\CrmCapManagerImpl.java
D:\RI-Timbl\branch\crm-web-portal\src\main\java\com\np\tele\crm\cap\bm\ICrmCapManager.java
D:\RI-Timbl\branch\crm-web-portal\src\main\java\com\np\tele\crm\cap\form\CRFValidateForm.java
D:\RI-Timbl\branch\crm-web-portal\src\main\java\com\np\tele\crm\cap\form\CrmCapForm.java
D:\RI-Timbl\branch\crm-web-portal\src\main\java\com\np\tele\crm\cap\form\CrmCapFormHelper.java
D:\RI-Timbl\branch\crm-web-portal\src\main\java\com\np\tele\crm\cap\form\CrmNPCrfFormHelper.java
D:\RI-Timbl\branch\crm-web-portal\src\main\java\com\np\tele\crm\common\utils\CommonUtils.java
D:\RI-Timbl\branch\crm-web-portal\src\main\java\com\np\tele\crm\common\utils\ConverterUtil.java
D:\RI-Timbl\branch\crm-web-portal\src\main\java\com\np\tele\crm\common\utils\CRMCacheManager.java
D:\RI-Timbl\branch\crm-web-portal\src\main\java\com\np\tele\crm\common\utils\MemorySizeUnit.java
D:\RI-Timbl\branch\crm-web-portal\src\main\java\com\np\tele\crm\common\utils\QRCCacheManager.java
D:\RI-Timbl\branch\crm-web-portal\src\main\java\com\np\tele\crm\common\utils\ValidationUtil.java
D:\RI-Timbl\branch\crm-web-portal\src\main\java\com\np\tele\crm\config\action\CRMLogAction.java
D:\RI-Timbl\branch\crm-web-portal\src\main\java\com\np\tele\crm\config\bm\CrmConfigManagerImpl.java
D:\RI-Timbl\branch\crm-web-portal\src\main\java\com\np\tele\crm\config\bm\ICrmConfigManager.java
D:\RI-Timbl\branch\crm-web-portal\src\main\java\com\np\tele\crm\config\forms\CRMLogForm.java
D:\RI-Timbl\branch\crm-web-portal\src\main\java\com\np\tele\crm\filters\ModuleManager.java
D:\RI-Timbl\branch\crm-web-portal\src\main\java\com\np\tele\crm\filters\SecurityFilter.java
D:\RI-Timbl\branch\crm-web-portal\src\main\java\com\np\tele\crm\finance\action\PaymentPostingAction.java
D:\RI-Timbl\branch\crm-web-portal\src\main\java\com\np\tele\crm\finance\action\PaymentTrackingAction.java
D:\RI-Timbl\branch\crm-web-portal\src\main\java\com\np\tele\crm\finance\action\RefundProcessAction.java
D:\RI-Timbl\branch\crm-web-portal\src\main\java\com\np\tele\crm\finance\action\UpFrontPaymentRecoveryAction.java
D:\RI-Timbl\branch\crm-web-portal\src\main\java\com\np\tele\crm\finance\bm\FinanceManagerImpl.java
D:\RI-Timbl\branch\crm-web-portal\src\main\java\com\np\tele\crm\finance\bm\IFinanceManager.java
D:\RI-Timbl\branch\crm-web-portal\src\main\java\com\np\tele\crm\finance\forms\FinanceForm.java
D:\RI-Timbl\branch\crm-web-portal\src\main\java\com\np\tele\crm\finance\forms\FinanceFormHelper.java
D:\RI-Timbl\branch\crm-web-portal\src\main\java\com\np\tele\crm\gis\action\GISAction.java
D:\RI-Timbl\branch\crm-web-portal\src\main\java\com\np\tele\crm\gis\action\GISMasterAction.java
D:\RI-Timbl\branch\crm-web-portal\src\main\java\com\np\tele\crm\gis\bm\ExcelReadUtils.java
D:\RI-Timbl\branch\crm-web-portal\src\main\java\com\np\tele\crm\gis\bm\ExcelWriteUtils.java
D:\RI-Timbl\branch\crm-web-portal\src\main\java\com\np\tele\crm\gis\bm\GISManagerImpl.java
D:\RI-Timbl\branch\crm-web-portal\src\main\java\com\np\tele\crm\gis\bm\GISMasterImpl.java
D:\RI-Timbl\branch\crm-web-portal\src\main\java\com\np\tele\crm\gis\bm\GISUtils.java
D:\RI-Timbl\branch\crm-web-portal\src\main\java\com\np\tele\crm\gis\bm\IGISManager.java
D:\RI-Timbl\branch\crm-web-portal\src\main\java\com\np\tele\crm\gis\bm\IGISMaster.java
D:\RI-Timbl\branch\crm-web-portal\src\main\java\com\np\tele\crm\gis\forms\GISForm.java
D:\RI-Timbl\branch\crm-web-portal\src\main\java\com\np\tele\crm\gis\forms\GISFormHelper.java
D:\RI-Timbl\branch\crm-web-portal\src\main\java\com\np\tele\crm\gis\pojo\GISUploadPojo.java
D:\RI-Timbl\branch\crm-web-portal\src\main\java\com\np\tele\crm\inbox\action\InboxAction.java
D:\RI-Timbl\branch\crm-web-portal\src\main\java\com\np\tele\crm\inbox\bm\IInboxManager.java
D:\RI-Timbl\branch\crm-web-portal\src\main\java\com\np\tele\crm\inbox\bm\InboxManagerImpl.java
D:\RI-Timbl\branch\crm-web-portal\src\main\java\com\np\tele\crm\inbox\form\InboxForm.java
D:\RI-Timbl\branch\crm-web-portal\src\main\java\com\np\tele\crm\lms\action\LmsAction.java
D:\RI-Timbl\branch\crm-web-portal\src\main\java\com\np\tele\crm\lms\bm\ILmsManager.java
D:\RI-Timbl\branch\crm-web-portal\src\main\java\com\np\tele\crm\lms\bm\LmsManagerImpl.java
D:\RI-Timbl\branch\crm-web-portal\src\main\java\com\np\tele\crm\lms\form\LmsForm.java
D:\RI-Timbl\branch\crm-web-portal\src\main\java\com\np\tele\crm\lms\form\LmsFormHelper.java
D:\RI-Timbl\branch\crm-web-portal\src\main\java\com\np\tele\crm\masterdata\action\AlertsConfigAction.java
D:\RI-Timbl\branch\crm-web-portal\src\main\java\com\np\tele\crm\masterdata\action\CrmProjectAction.java
D:\RI-Timbl\branch\crm-web-portal\src\main\java\com\np\tele\crm\masterdata\action\CrmRcaReasonAction.java
D:\RI-Timbl\branch\crm-web-portal\src\main\java\com\np\tele\crm\masterdata\action\EmailServerConfigAction.java
D:\RI-Timbl\branch\crm-web-portal\src\main\java\com\np\tele\crm\masterdata\action\Option82ManagementAction.java
D:\RI-Timbl\branch\crm-web-portal\src\main\java\com\np\tele\crm\masterdata\action\ParameterGroupAction.java
D:\RI-Timbl\branch\crm-web-portal\src\main\java\com\np\tele\crm\masterdata\action\PartnerManagementAction.java
D:\RI-Timbl\branch\crm-web-portal\src\main\java\com\np\tele\crm\masterdata\action\RoleGroupAction.java
D:\RI-Timbl\branch\crm-web-portal\src\main\java\com\np\tele\crm\masterdata\action\SmsConfigurationManagement.java
D:\RI-Timbl\branch\crm-web-portal\src\main\java\com\np\tele\crm\masterdata\bm\AppDataManagerImpl.java
D:\RI-Timbl\branch\crm-web-portal\src\main\java\com\np\tele\crm\masterdata\bm\CrmRcaReasonMgrImpl.java
D:\RI-Timbl\branch\crm-web-portal\src\main\java\com\np\tele\crm\masterdata\bm\IAppDataManager.java
D:\RI-Timbl\branch\crm-web-portal\src\main\java\com\np\tele\crm\masterdata\bm\ICrmRcaReasonMgr.java
D:\RI-Timbl\branch\crm-web-portal\src\main\java\com\np\tele\crm\masterdata\bm\IMasterBMngr.java
D:\RI-Timbl\branch\crm-web-portal\src\main\java\com\np\tele\crm\masterdata\bm\IPartnerManagement.java
D:\RI-Timbl\branch\crm-web-portal\src\main\java\com\np\tele\crm\masterdata\bm\IRgstrExtrnlProject.java
D:\RI-Timbl\branch\crm-web-portal\src\main\java\com\np\tele\crm\masterdata\bm\MasterBmngrImpl.java
D:\RI-Timbl\branch\crm-web-portal\src\main\java\com\np\tele\crm\masterdata\bm\PartnerManagementImpl.java
D:\RI-Timbl\branch\crm-web-portal\src\main\java\com\np\tele\crm\masterdata\bm\RgstrExtrnlProjectImp.java
D:\RI-Timbl\branch\crm-web-portal\src\main\java\com\np\tele\crm\masterdata\forms\CrmProjectForm.java
D:\RI-Timbl\branch\crm-web-portal\src\main\java\com\np\tele\crm\masterdata\forms\CrmRcaReasonForm.java
D:\RI-Timbl\branch\crm-web-portal\src\main\java\com\np\tele\crm\masterdata\forms\MasterForm.java
D:\RI-Timbl\branch\crm-web-portal\src\main\java\com\np\tele\crm\masterdata\forms\MasterFormHelper.java
D:\RI-Timbl\branch\crm-web-portal\src\main\java\com\np\tele\crm\masterdata\forms\ParameterGroupForm.java
D:\RI-Timbl\branch\crm-web-portal\src\main\java\com\np\tele\crm\masterdata\forms\PartnerManagementForm.java
D:\RI-Timbl\branch\crm-web-portal\src\main\java\com\np\tele\crm\masterdata\forms\RoleGroupForm.java
D:\RI-Timbl\branch\crm-web-portal\src\main\java\com\np\tele\crm\qrc\action\BulkUploadAction.java
D:\RI-Timbl\branch\crm-web-portal\src\main\java\com\np\tele\crm\qrc\action\Device.java
D:\RI-Timbl\branch\crm-web-portal\src\main\java\com\np\tele\crm\qrc\action\QrcAction.java
D:\RI-Timbl\branch\crm-web-portal\src\main\java\com\np\tele\crm\qrc\action\QrcMassOutageAction.java
D:\RI-Timbl\branch\crm-web-portal\src\main\java\com\np\tele\crm\qrc\action\RiMasterData.java
D:\RI-Timbl\branch\crm-web-portal\src\main\java\com\np\tele\crm\qrc\action\TestAPI.java
D:\RI-Timbl\branch\crm-web-portal\src\main\java\com\np\tele\crm\qrc\bm\BulkUploadImpl.java
D:\RI-Timbl\branch\crm-web-portal\src\main\java\com\np\tele\crm\qrc\bm\IBulkUpload.java
D:\RI-Timbl\branch\crm-web-portal\src\main\java\com\np\tele\crm\qrc\bm\IQrcManager.java
D:\RI-Timbl\branch\crm-web-portal\src\main\java\com\np\tele\crm\qrc\bm\IQrcMassOutageManager.java
D:\RI-Timbl\branch\crm-web-portal\src\main\java\com\np\tele\crm\qrc\bm\QrcManagerImpl.java
D:\RI-Timbl\branch\crm-web-portal\src\main\java\com\np\tele\crm\qrc\bm\QrcMassOutageManagerImpl.java
D:\RI-Timbl\branch\crm-web-portal\src\main\java\com\np\tele\crm\qrc\config\action\QrcConfigAction.java
D:\RI-Timbl\branch\crm-web-portal\src\main\java\com\np\tele\crm\qrc\config\bm\IQrcConfigManager.java
D:\RI-Timbl\branch\crm-web-portal\src\main\java\com\np\tele\crm\qrc\config\bm\QrcConfigManagerImpl.java
D:\RI-Timbl\branch\crm-web-portal\src\main\java\com\np\tele\crm\qrc\config\forms\QrcConfigForm.java
D:\RI-Timbl\branch\crm-web-portal\src\main\java\com\np\tele\crm\qrc\config\forms\QrcConfigFormHelper.java
D:\RI-Timbl\branch\crm-web-portal\src\main\java\com\np\tele\crm\qrc\forms\BulkUploadForm.java
D:\RI-Timbl\branch\crm-web-portal\src\main\java\com\np\tele\crm\qrc\forms\BulkUploadFormHelper.java
D:\RI-Timbl\branch\crm-web-portal\src\main\java\com\np\tele\crm\qrc\forms\CustomerProfileHelper.java
D:\RI-Timbl\branch\crm-web-portal\src\main\java\com\np\tele\crm\qrc\forms\CustomerStatusHelper.java
D:\RI-Timbl\branch\crm-web-portal\src\main\java\com\np\tele\crm\qrc\forms\QrcForm.java
D:\RI-Timbl\branch\crm-web-portal\src\main\java\com\np\tele\crm\qrc\forms\QrcFormHelper.java
D:\RI-Timbl\branch\crm-web-portal\src\main\java\com\np\tele\crm\qrc\forms\QrcMassOutageForm.java
D:\RI-Timbl\branch\crm-web-portal\src\main\java\com\np\tele\crm\qrc\forms\QrcMassOutageHelper.java
D:\RI-Timbl\branch\crm-web-portal\src\main\java\com\np\tele\crm\qrc\forms\QrcWorkFlowHelper.java
D:\RI-Timbl\branch\crm-web-portal\src\main\java\com\np\tele\crm\qrc\profile\action\QrcCustomerProfileAction.java
D:\RI-Timbl\branch\crm-web-portal\src\main\java\com\np\tele\crm\qrc\profile\bm\CustomerProfileMgrImpl.java
D:\RI-Timbl\branch\crm-web-portal\src\main\java\com\np\tele\crm\qrc\profile\bm\ICustomerProfileMgr.java
D:\RI-Timbl\branch\crm-web-portal\src\main\java\com\np\tele\crm\qrc\shifting\action\CrmQrcShiftingAction.java
D:\RI-Timbl\branch\crm-web-portal\src\main\java\com\np\tele\crm\qrc\status\action\CustomerStatusAction.java
D:\RI-Timbl\branch\crm-web-portal\src\main\java\com\np\tele\crm\qrc\status\bm\CustomerStatusBusinessMgrImpl.java
D:\RI-Timbl\branch\crm-web-portal\src\main\java\com\np\tele\crm\qrc\status\bm\ICustomerStatusBusinessMgr.java
D:\RI-Timbl\branch\crm-web-portal\src\main\java\com\np\tele\crm\qrc\waiver\action\QrcWaiverAction.java
D:\RI-Timbl\branch\crm-web-portal\src\main\java\com\np\tele\crm\qrc\workflow\bm\IWorkFlowManager.java
D:\RI-Timbl\branch\crm-web-portal\src\main\java\com\np\tele\crm\qrc\workflow\bm\WorkFlowManagerImpl.java
D:\RI-Timbl\branch\crm-web-portal\src\main\java\com\np\tele\crm\qrcFaultRepair\action\QrcFaultRepairAction.java
D:\RI-Timbl\branch\crm-web-portal\src\main\java\com\np\tele\crm\reports\action\CapReportAction.java
D:\RI-Timbl\branch\crm-web-portal\src\main\java\com\np\tele\crm\reports\action\QRCReportAction.java
D:\RI-Timbl\branch\crm-web-portal\src\main\java\com\np\tele\crm\reports\action\RFSReportAction.java
D:\RI-Timbl\branch\crm-web-portal\src\main\java\com\np\tele\crm\reports\bm\IReportBMngr.java
D:\RI-Timbl\branch\crm-web-portal\src\main\java\com\np\tele\crm\reports\bm\ReportBMngrImpl.java
D:\RI-Timbl\branch\crm-web-portal\src\main\java\com\np\tele\crm\reports\form\CRMReportForm.java
D:\RI-Timbl\branch\crm-web-portal\src\main\java\com\np\tele\crm\usrmngmnt\action\AccountVerificationAction.java
D:\RI-Timbl\branch\crm-web-portal\src\main\java\com\np\tele\crm\usrmngmnt\action\ChangePasswordAction.java
D:\RI-Timbl\branch\crm-web-portal\src\main\java\com\np\tele\crm\usrmngmnt\action\CustomerProfileSearchAction.java
D:\RI-Timbl\branch\crm-web-portal\src\main\java\com\np\tele\crm\usrmngmnt\action\EWUserMappingAction.java
D:\RI-Timbl\branch\crm-web-portal\src\main\java\com\np\tele\crm\usrmngmnt\action\ForgetPasswordAction.java
D:\RI-Timbl\branch\crm-web-portal\src\main\java\com\np\tele\crm\usrmngmnt\action\LoginAction.java
D:\RI-Timbl\branch\crm-web-portal\src\main\java\com\np\tele\crm\usrmngmnt\action\ParameterManagementAction.java
D:\RI-Timbl\branch\crm-web-portal\src\main\java\com\np\tele\crm\usrmngmnt\action\RegisterAction.java
D:\RI-Timbl\branch\crm-web-portal\src\main\java\com\np\tele\crm\usrmngmnt\action\RoleManagementAction.java
D:\RI-Timbl\branch\crm-web-portal\src\main\java\com\np\tele\crm\usrmngmnt\action\UserManagementAction.java
D:\RI-Timbl\branch\crm-web-portal\src\main\java\com\np\tele\crm\usrmngmnt\bm\AccountVerificationImpl.java
D:\RI-Timbl\branch\crm-web-portal\src\main\java\com\np\tele\crm\usrmngmnt\bm\CustomerProfileMgrImpl.java
D:\RI-Timbl\branch\crm-web-portal\src\main\java\com\np\tele\crm\usrmngmnt\bm\EWUserMappingImpl.java
D:\RI-Timbl\branch\crm-web-portal\src\main\java\com\np\tele\crm\usrmngmnt\bm\IAccountVerification.java
D:\RI-Timbl\branch\crm-web-portal\src\main\java\com\np\tele\crm\usrmngmnt\bm\ICustomerProfileMgr.java
D:\RI-Timbl\branch\crm-web-portal\src\main\java\com\np\tele\crm\usrmngmnt\bm\IEWUserMappingMgr.java
D:\RI-Timbl\branch\crm-web-portal\src\main\java\com\np\tele\crm\usrmngmnt\bm\IUserBMngr.java
D:\RI-Timbl\branch\crm-web-portal\src\main\java\com\np\tele\crm\usrmngmnt\bm\UserBMngrImpl.java
D:\RI-Timbl\branch\crm-web-portal\src\main\java\com\np\tele\crm\usrmngmnt\forms\AreaMappingPojo.java
D:\RI-Timbl\branch\crm-web-portal\src\main\java\com\np\tele\crm\usrmngmnt\forms\CustomerProfileForm.java
D:\RI-Timbl\branch\crm-web-portal\src\main\java\com\np\tele\crm\usrmngmnt\forms\EWUserMappingForm.java
D:\RI-Timbl\branch\crm-web-portal\src\main\java\com\np\tele\crm\usrmngmnt\forms\LoginForm.java
D:\RI-Timbl\branch\crm-web-portal\src\main\java\com\np\tele\crm\usrmngmnt\forms\LoginFormHelper.java
D:\RI-Timbl\branch\crm-web-portal\src\main\java\com\test\StringHelper.java
