-1.6
-classpath
C:\Users\Toshiba\.m2\repository\commons-io\commons-io\2.0.1\commons-io-2.0.1.jar;C:\Users\Toshiba\.m2\repository\commons-logging\commons-logging\1.1.1\commons-logging-1.1.1.jar;C:\Users\Toshiba\.m2\repository\commons-codec\commons-codec\1.7\commons-codec-1.7.jar;D:\RI-Timbl\branch\crm-common-utils\target\crm-common-utils-1.0-SNAPSHOT.jar;C:\Users\Toshiba\.m2\repository\org\aspectj\aspectjrt\1.6.11\aspectjrt-1.6.11.jar;C:\Users\Toshiba\.m2\repository\org\aspectj\aspectjweaver\1.6.11\aspectjweaver-1.6.11.jar;C:\Users\Toshiba\.m2\repository\org\aspectj\aspectjtools\1.6.11\aspectjtools-1.6.11.jar;C:\Users\Toshiba\.m2\repository\commons-beanutils\commons-beanutils\1.8.3\commons-beanutils-1.8.3.jar;D:\RI-Timbl\branch\crm-service-utils\target\crm-service-utils-1.0-SNAPSHOT.jar;C:\Users\Toshiba\.m2\repository\org\apache\commons\commons-lang3\3.1\commons-lang3-3.1.jar;C:\Users\Toshiba\.m2\repository\log4j\log4j\1.2.16\log4j-1.2.16.jar;C:\Users\Toshiba\.m2\repository\javax\javaee-api\6.0\javaee-api-6.0.jar;C:\Users\Toshiba\.m2\repository\javax\mail\mail\1.4.5\mail-1.4.5.jar;C:\Users\Toshiba\.m2\repository\javax\activation\activation\1.1.1\activation-1.1.1.jar;C:\Users\Toshiba\.m2\repository\org\apache\poi\poi-ooxml\3.8\poi-ooxml-3.8.jar;C:\Users\Toshiba\.m2\repository\org\apache\poi\poi-ooxml-schemas\3.8\poi-ooxml-schemas-3.8.jar;C:\Users\Toshiba\.m2\repository\org\apache\xmlbeans\xmlbeans\2.3.0\xmlbeans-2.3.0.jar;C:\Users\Toshiba\.m2\repository\stax\stax-api\1.0.1\stax-api-1.0.1.jar;C:\Users\Toshiba\.m2\repository\dom4j\dom4j\1.6.1\dom4j-1.6.1.jar;C:\Users\Toshiba\.m2\repository\xml-apis\xml-apis\1.0.b2\xml-apis-1.0.b2.jar;C:\Users\Toshiba\.m2\repository\org\apache\poi\poi\3.8\poi-3.8.jar;C:\Users\Toshiba\.m2\repository\com\itextpdf\itextpdf\5.4.5\itextpdf-5.4.5.jar;C:\Users\Toshiba\.m2\repository\com\np\util\pojo-validator\1.7\pojo-validator-1.7.jar;D:\RI-Timbl\branch\crm-billing-client\target\classes
-d
D:\RI-Timbl\branch\crm-billing-client\target\classes
D:\RI-Timbl\branch\crm-billing-client\src\main\java\com\microsoft\schemas\_2003\_10\serialization\arrays\ArrayOfstring.java
D:\RI-Timbl\branch\crm-billing-client\src\main\java\com\microsoft\schemas\_2003\_10\serialization\arrays\ObjectFactory.java
D:\RI-Timbl\branch\crm-billing-client\src\main\java\com\microsoft\schemas\_2003\_10\serialization\arrays\package-info.java
D:\RI-Timbl\branch\crm-billing-client\src\main\java\com\microsoft\schemas\_2003\_10\serialization\ObjectFactory.java
D:\RI-Timbl\branch\crm-billing-client\src\main\java\com\np\tele\crm\billing\client\aspects\AddChargeResultAspect.aj
D:\RI-Timbl\branch\crm-billing-client\src\main\java\com\np\tele\crm\billing\client\aspects\AddPlanAspect.aj
D:\RI-Timbl\branch\crm-billing-client\src\main\java\com\np\tele\crm\billing\client\aspects\AddPlanResultAspect.aj
D:\RI-Timbl\branch\crm-billing-client\src\main\java\com\np\tele\crm\billing\client\aspects\ApiRequestAspect.aj
D:\RI-Timbl\branch\crm-billing-client\src\main\java\com\np\tele\crm\billing\client\aspects\ApiResponseAspect.aj
D:\RI-Timbl\branch\crm-billing-client\src\main\java\com\np\tele\crm\billing\client\aspects\ArrayOfgetCurrentUsageResultAspect.aj
D:\RI-Timbl\branch\crm-billing-client\src\main\java\com\np\tele\crm\billing\client\aspects\ArrayOfGetDistributorDeviceDetailResultAspect.aj
D:\RI-Timbl\branch\crm-billing-client\src\main\java\com\np\tele\crm\billing\client\aspects\ArrayOfprBillingDetailsResultAspect.aj
D:\RI-Timbl\branch\crm-billing-client\src\main\java\com\np\tele\crm\billing\client\aspects\ArrayOfstringAspect.aj
D:\RI-Timbl\branch\crm-billing-client\src\main\java\com\np\tele\crm\billing\client\aspects\BillDetailsAspect.aj
D:\RI-Timbl\branch\crm-billing-client\src\main\java\com\np\tele\crm\billing\client\aspects\ChangeAddressAspect.aj
D:\RI-Timbl\branch\crm-billing-client\src\main\java\com\np\tele\crm\billing\client\aspects\ChangeDeviceDetailAspect.aj
D:\RI-Timbl\branch\crm-billing-client\src\main\java\com\np\tele\crm\billing\client\aspects\ClsAddChargeAspect.aj
D:\RI-Timbl\branch\crm-billing-client\src\main\java\com\np\tele\crm\billing\client\aspects\ClsCustomerBaringExceptionListAspect.aj
D:\RI-Timbl\branch\crm-billing-client\src\main\java\com\np\tele\crm\billing\client\aspects\ClsTerminationRefundAspect.aj
D:\RI-Timbl\branch\crm-billing-client\src\main\java\com\np\tele\crm\billing\client\aspects\CreateCustomerResultAspect.aj
D:\RI-Timbl\branch\crm-billing-client\src\main\java\com\np\tele\crm\billing\client\aspects\CustomerActivationAspect.aj
D:\RI-Timbl\branch\crm-billing-client\src\main\java\com\np\tele\crm\billing\client\aspects\CustomerActivationResultAspect.aj
D:\RI-Timbl\branch\crm-billing-client\src\main\java\com\np\tele\crm\billing\client\aspects\CustomerAspect.aj
D:\RI-Timbl\branch\crm-billing-client\src\main\java\com\np\tele\crm\billing\client\aspects\CustomerBaringExceptionListResultAspect.aj
D:\RI-Timbl\branch\crm-billing-client\src\main\java\com\np\tele\crm\billing\client\aspects\CustomerCancelPaymentAspect.aj
D:\RI-Timbl\branch\crm-billing-client\src\main\java\com\np\tele\crm\billing\client\aspects\CustomerPostPaymentAspect.aj
D:\RI-Timbl\branch\crm-billing-client\src\main\java\com\np\tele\crm\billing\client\aspects\CustomerPostPaymentResultAspect.aj
D:\RI-Timbl\branch\crm-billing-client\src\main\java\com\np\tele\crm\billing\client\aspects\CustomerUpdateAspect.aj
D:\RI-Timbl\branch\crm-billing-client\src\main\java\com\np\tele\crm\billing\client\aspects\CustomerUsageDetailAspect.aj
D:\RI-Timbl\branch\crm-billing-client\src\main\java\com\np\tele\crm\billing\client\aspects\GetCurrentUsageResultAspect.aj
D:\RI-Timbl\branch\crm-billing-client\src\main\java\com\np\tele\crm\billing\client\aspects\GetDistributorDeviceDetailResultAspect.aj
D:\RI-Timbl\branch\crm-billing-client\src\main\java\com\np\tele\crm\billing\client\aspects\InstallationAddressAspect.aj
D:\RI-Timbl\branch\crm-billing-client\src\main\java\com\np\tele\crm\billing\client\aspects\InstantOfferAllocationAspect.aj
D:\RI-Timbl\branch\crm-billing-client\src\main\java\com\np\tele\crm\billing\client\aspects\InventoryItemToLCOResultAspect.aj
D:\RI-Timbl\branch\crm-billing-client\src\main\java\com\np\tele\crm\billing\client\aspects\LocalContactAddressAspect.aj
D:\RI-Timbl\branch\crm-billing-client\src\main\java\com\np\tele\crm\billing\client\aspects\OfferAllocationAspect.aj
D:\RI-Timbl\branch\crm-billing-client\src\main\java\com\np\tele\crm\billing\client\aspects\PaymentAdjustmentAspect.aj
D:\RI-Timbl\branch\crm-billing-client\src\main\java\com\np\tele\crm\billing\client\aspects\PaymentAdjustmentResultAspect.aj
D:\RI-Timbl\branch\crm-billing-client\src\main\java\com\np\tele\crm\billing\client\aspects\PrBillingDetailsResultAspect.aj
D:\RI-Timbl\branch\crm-billing-client\src\main\java\com\np\tele\crm\billing\client\CrmBillingClient.java
D:\RI-Timbl\branch\crm-billing-client\src\main\java\com\np\tele\crm\billing\constants\CrmBillingDataTypes.java
D:\RI-Timbl\branch\crm-billing-client\src\main\java\com\np\tele\crm\billing\constants\CrmBillingOperations.java
D:\RI-Timbl\branch\crm-billing-client\src\main\java\com\np\tele\crm\billing\manager\BillingConversionMgrImpl.java
D:\RI-Timbl\branch\crm-billing-client\src\main\java\com\np\tele\crm\billing\manager\CrmBillingManagerImpl.java
D:\RI-Timbl\branch\crm-billing-client\src\main\java\com\np\tele\crm\billing\manager\IBillingConversionMgr.java
D:\RI-Timbl\branch\crm-billing-client\src\main\java\com\np\tele\crm\billing\manager\ICrmBillingManager.java
D:\RI-Timbl\branch\crm-billing-client\src\main\java\com\np\tele\crm\billing\utils\BillingClientBinding.java
D:\RI-Timbl\branch\crm-billing-client\src\main\java\com\np\tele\crm\billing\utils\BillingHandler.java
D:\RI-Timbl\branch\crm-billing-client\src\main\java\com\np\tele\crm\billing\utils\BillingUtils.java
D:\RI-Timbl\branch\crm-billing-client\src\main\java\com\np\tele\crm\billing\utils\CrmPojoToBilling.java
D:\RI-Timbl\branch\crm-billing-client\src\main\java\h8ssrms\AddCharge.java
D:\RI-Timbl\branch\crm-billing-client\src\main\java\h8ssrms\AddChargeResponse.java
D:\RI-Timbl\branch\crm-billing-client\src\main\java\h8ssrms\AddPlan.java
D:\RI-Timbl\branch\crm-billing-client\src\main\java\h8ssrms\AddPlanResponse.java
D:\RI-Timbl\branch\crm-billing-client\src\main\java\h8ssrms\AllowGracePeriod.java
D:\RI-Timbl\branch\crm-billing-client\src\main\java\h8ssrms\AllowGracePeriodResponse.java
D:\RI-Timbl\branch\crm-billing-client\src\main\java\h8ssrms\CancelAdditionalPlan.java
D:\RI-Timbl\branch\crm-billing-client\src\main\java\h8ssrms\CancelAdditionalPlanResponse.java
D:\RI-Timbl\branch\crm-billing-client\src\main\java\h8ssrms\CancelPayment.java
D:\RI-Timbl\branch\crm-billing-client\src\main\java\h8ssrms\CancelPaymentResponse.java
D:\RI-Timbl\branch\crm-billing-client\src\main\java\h8ssrms\CancelPlanOfferMigration.java
D:\RI-Timbl\branch\crm-billing-client\src\main\java\h8ssrms\CancelPlanOfferMigrationResponse.java
D:\RI-Timbl\branch\crm-billing-client\src\main\java\h8ssrms\ChangeAddress.java
D:\RI-Timbl\branch\crm-billing-client\src\main\java\h8ssrms\ChangeAddressResponse.java
D:\RI-Timbl\branch\crm-billing-client\src\main\java\h8ssrms\ChangeBillCycle.java
D:\RI-Timbl\branch\crm-billing-client\src\main\java\h8ssrms\ChangeBillCycleResponse.java
D:\RI-Timbl\branch\crm-billing-client\src\main\java\h8ssrms\ChangeBusinessPartner.java
D:\RI-Timbl\branch\crm-billing-client\src\main\java\h8ssrms\ChangeBusinessPartnerResponse.java
D:\RI-Timbl\branch\crm-billing-client\src\main\java\h8ssrms\ChangeDeviceDetail.java
D:\RI-Timbl\branch\crm-billing-client\src\main\java\h8ssrms\ChangeDeviceDetailResponse.java
D:\RI-Timbl\branch\crm-billing-client\src\main\java\h8ssrms\ChangeOffer.java
D:\RI-Timbl\branch\crm-billing-client\src\main\java\h8ssrms\ChangeOfferResponse.java
D:\RI-Timbl\branch\crm-billing-client\src\main\java\h8ssrms\ChangeStatus.java
D:\RI-Timbl\branch\crm-billing-client\src\main\java\h8ssrms\ChangeStatusResponse.java
D:\RI-Timbl\branch\crm-billing-client\src\main\java\h8ssrms\CheckFeasibility.java
D:\RI-Timbl\branch\crm-billing-client\src\main\java\h8ssrms\CheckFeasibilityResponse.java
D:\RI-Timbl\branch\crm-billing-client\src\main\java\h8ssrms\CreateCustomer.java
D:\RI-Timbl\branch\crm-billing-client\src\main\java\h8ssrms\CreateCustomerResponse.java
D:\RI-Timbl\branch\crm-billing-client\src\main\java\h8ssrms\CustomerActivation.java
D:\RI-Timbl\branch\crm-billing-client\src\main\java\h8ssrms\CustomerActivationResponse.java
D:\RI-Timbl\branch\crm-billing-client\src\main\java\h8ssrms\CustomerBaringExceptionList.java
D:\RI-Timbl\branch\crm-billing-client\src\main\java\h8ssrms\CustomerBaringExceptionListResponse.java
D:\RI-Timbl\branch\crm-billing-client\src\main\java\h8ssrms\CustomerNotificationExceptionList.java
D:\RI-Timbl\branch\crm-billing-client\src\main\java\h8ssrms\CustomerNotificationExceptionListResponse.java
D:\RI-Timbl\branch\crm-billing-client\src\main\java\h8ssrms\CustomerSpeedExceptionList.java
D:\RI-Timbl\branch\crm-billing-client\src\main\java\h8ssrms\CustomerSpeedExceptionListResponse.java
D:\RI-Timbl\branch\crm-billing-client\src\main\java\h8ssrms\CustomerUnbaringExceptionList.java
D:\RI-Timbl\branch\crm-billing-client\src\main\java\h8ssrms\CustomerUnbaringExceptionListResponse.java
D:\RI-Timbl\branch\crm-billing-client\src\main\java\h8ssrms\DisableWalledGarden.java
D:\RI-Timbl\branch\crm-billing-client\src\main\java\h8ssrms\DisableWalledGardenResponse.java
D:\RI-Timbl\branch\crm-billing-client\src\main\java\h8ssrms\GetBillDetail.java
D:\RI-Timbl\branch\crm-billing-client\src\main\java\h8ssrms\GetBillDetailResponse.java
D:\RI-Timbl\branch\crm-billing-client\src\main\java\h8ssrms\GetBillingDetails.java
D:\RI-Timbl\branch\crm-billing-client\src\main\java\h8ssrms\GetBillingDetailsResponse.java
D:\RI-Timbl\branch\crm-billing-client\src\main\java\h8ssrms\GetCustomerDetail.java
D:\RI-Timbl\branch\crm-billing-client\src\main\java\h8ssrms\GetCustomerDetailResponse.java
D:\RI-Timbl\branch\crm-billing-client\src\main\java\h8ssrms\GetCustomerUsageDetail.java
D:\RI-Timbl\branch\crm-billing-client\src\main\java\h8ssrms\GetCustomerUsageDetailResponse.java
D:\RI-Timbl\branch\crm-billing-client\src\main\java\h8ssrms\GetDeviceDetail.java
D:\RI-Timbl\branch\crm-billing-client\src\main\java\h8ssrms\GetDeviceDetailResponse.java
D:\RI-Timbl\branch\crm-billing-client\src\main\java\h8ssrms\GetDiscountDetails.java
D:\RI-Timbl\branch\crm-billing-client\src\main\java\h8ssrms\GetDiscountDetailsResponse.java
D:\RI-Timbl\branch\crm-billing-client\src\main\java\h8ssrms\GetDistributorInventoryList.java
D:\RI-Timbl\branch\crm-billing-client\src\main\java\h8ssrms\GetDistributorInventoryListResponse.java
D:\RI-Timbl\branch\crm-billing-client\src\main\java\h8ssrms\GetLastPayment.java
D:\RI-Timbl\branch\crm-billing-client\src\main\java\h8ssrms\GetLastPaymentResponse.java
D:\RI-Timbl\branch\crm-billing-client\src\main\java\h8ssrms\GetRefferalPoints.java
D:\RI-Timbl\branch\crm-billing-client\src\main\java\h8ssrms\GetRefferalPointsResponse.java
D:\RI-Timbl\branch\crm-billing-client\src\main\java\h8ssrms\GetUserSessionOfDay.java
D:\RI-Timbl\branch\crm-billing-client\src\main\java\h8ssrms\GetUserSessionOfDayResponse.java
D:\RI-Timbl\branch\crm-billing-client\src\main\java\h8ssrms\GetUserSessionOfMonth.java
D:\RI-Timbl\branch\crm-billing-client\src\main\java\h8ssrms\GetUserSessionOfMonthResponse.java
D:\RI-Timbl\branch\crm-billing-client\src\main\java\h8ssrms\GetUserSessionOfWeek.java
D:\RI-Timbl\branch\crm-billing-client\src\main\java\h8ssrms\GetUserSessionOfWeekResponse.java
D:\RI-Timbl\branch\crm-billing-client\src\main\java\h8ssrms\InstantOfferRenew.java
D:\RI-Timbl\branch\crm-billing-client\src\main\java\h8ssrms\InstantOfferRenewResponse.java
D:\RI-Timbl\branch\crm-billing-client\src\main\java\h8ssrms\InstantPrepaidOfferRenew.java
D:\RI-Timbl\branch\crm-billing-client\src\main\java\h8ssrms\InstantPrepaidOfferRenewResponse.java
D:\RI-Timbl\branch\crm-billing-client\src\main\java\h8ssrms\ObjectFactory.java
D:\RI-Timbl\branch\crm-billing-client\src\main\java\h8ssrms\P2PReBarring.java
D:\RI-Timbl\branch\crm-billing-client\src\main\java\h8ssrms\P2PReBarringResponse.java
D:\RI-Timbl\branch\crm-billing-client\src\main\java\h8ssrms\package-info.java
D:\RI-Timbl\branch\crm-billing-client\src\main\java\h8ssrms\PaymentAdjustment.java
D:\RI-Timbl\branch\crm-billing-client\src\main\java\h8ssrms\PaymentAdjustmentResponse.java
D:\RI-Timbl\branch\crm-billing-client\src\main\java\h8ssrms\PostPayment.java
D:\RI-Timbl\branch\crm-billing-client\src\main\java\h8ssrms\PostPaymentResponse.java
D:\RI-Timbl\branch\crm-billing-client\src\main\java\h8ssrms\TerminationRefund.java
D:\RI-Timbl\branch\crm-billing-client\src\main\java\h8ssrms\TerminationRefundResponse.java
D:\RI-Timbl\branch\crm-billing-client\src\main\java\h8ssrms\UpdateCustomer.java
D:\RI-Timbl\branch\crm-billing-client\src\main\java\h8ssrms\UpdateCustomerResponse.java
D:\RI-Timbl\branch\crm-billing-client\src\main\java\org\datacontract\schemas\_2004\_07\AddChargeResult.java
D:\RI-Timbl\branch\crm-billing-client\src\main\java\org\datacontract\schemas\_2004\_07\AddPlan.java
D:\RI-Timbl\branch\crm-billing-client\src\main\java\org\datacontract\schemas\_2004\_07\AddPlanResult.java
D:\RI-Timbl\branch\crm-billing-client\src\main\java\org\datacontract\schemas\_2004\_07\ApiRequest.java
D:\RI-Timbl\branch\crm-billing-client\src\main\java\org\datacontract\schemas\_2004\_07\ApiResponse.java
D:\RI-Timbl\branch\crm-billing-client\src\main\java\org\datacontract\schemas\_2004\_07\ArrayOfGetChargeDetailResult.java
D:\RI-Timbl\branch\crm-billing-client\src\main\java\org\datacontract\schemas\_2004\_07\ArrayOfgetCurrentUsageResult.java
D:\RI-Timbl\branch\crm-billing-client\src\main\java\org\datacontract\schemas\_2004\_07\ArrayOfGetDiscountDetailsResult.java
D:\RI-Timbl\branch\crm-billing-client\src\main\java\org\datacontract\schemas\_2004\_07\ArrayOfGetDistributorDeviceDetailResult.java
D:\RI-Timbl\branch\crm-billing-client\src\main\java\org\datacontract\schemas\_2004\_07\ArrayOfGetUserSessionResult.java
D:\RI-Timbl\branch\crm-billing-client\src\main\java\org\datacontract\schemas\_2004\_07\ArrayOfprBillingDetailsResult.java
D:\RI-Timbl\branch\crm-billing-client\src\main\java\org\datacontract\schemas\_2004\_07\BillDetail.java
D:\RI-Timbl\branch\crm-billing-client\src\main\java\org\datacontract\schemas\_2004\_07\BillDetails.java
D:\RI-Timbl\branch\crm-billing-client\src\main\java\org\datacontract\schemas\_2004\_07\BillingAddress.java
D:\RI-Timbl\branch\crm-billing-client\src\main\java\org\datacontract\schemas\_2004\_07\CancelAddPostpaidPlanResult.java
D:\RI-Timbl\branch\crm-billing-client\src\main\java\org\datacontract\schemas\_2004\_07\CancelPlanMigrationResult.java
D:\RI-Timbl\branch\crm-billing-client\src\main\java\org\datacontract\schemas\_2004\_07\ChangeAddress.java
D:\RI-Timbl\branch\crm-billing-client\src\main\java\org\datacontract\schemas\_2004\_07\ChangeAddressAddressType.java
D:\RI-Timbl\branch\crm-billing-client\src\main\java\org\datacontract\schemas\_2004\_07\ChangeBillCycleResult.java
D:\RI-Timbl\branch\crm-billing-client\src\main\java\org\datacontract\schemas\_2004\_07\ChangeBusinessPartnerResult.java
D:\RI-Timbl\branch\crm-billing-client\src\main\java\org\datacontract\schemas\_2004\_07\ChangeDeviceDetail.java
D:\RI-Timbl\branch\crm-billing-client\src\main\java\org\datacontract\schemas\_2004\_07\CheckPlanFeasibilityResult.java
D:\RI-Timbl\branch\crm-billing-client\src\main\java\org\datacontract\schemas\_2004\_07\ClsAddCharge.java
D:\RI-Timbl\branch\crm-billing-client\src\main\java\org\datacontract\schemas\_2004\_07\ClsCustomerBaringExceptionList.java
D:\RI-Timbl\branch\crm-billing-client\src\main\java\org\datacontract\schemas\_2004\_07\ClsCustomerNotificationExceptionList.java
D:\RI-Timbl\branch\crm-billing-client\src\main\java\org\datacontract\schemas\_2004\_07\ClsCustomerSpeedExceptionList.java
D:\RI-Timbl\branch\crm-billing-client\src\main\java\org\datacontract\schemas\_2004\_07\ClsCustomerUnbaringExceptionList.java
D:\RI-Timbl\branch\crm-billing-client\src\main\java\org\datacontract\schemas\_2004\_07\ClsDisableWalledGarden.java
D:\RI-Timbl\branch\crm-billing-client\src\main\java\org\datacontract\schemas\_2004\_07\ClsP2PReBarring.java
D:\RI-Timbl\branch\crm-billing-client\src\main\java\org\datacontract\schemas\_2004\_07\ClsTerminationRefund.java
D:\RI-Timbl\branch\crm-billing-client\src\main\java\org\datacontract\schemas\_2004\_07\CreateCustomerResult.java
D:\RI-Timbl\branch\crm-billing-client\src\main\java\org\datacontract\schemas\_2004\_07\Customer.java
D:\RI-Timbl\branch\crm-billing-client\src\main\java\org\datacontract\schemas\_2004\_07\CustomerActivation.java
D:\RI-Timbl\branch\crm-billing-client\src\main\java\org\datacontract\schemas\_2004\_07\CustomerActivationResult.java
D:\RI-Timbl\branch\crm-billing-client\src\main\java\org\datacontract\schemas\_2004\_07\CustomerBaringExceptionListResult.java
D:\RI-Timbl\branch\crm-billing-client\src\main\java\org\datacontract\schemas\_2004\_07\CustomerCancelPayment.java
D:\RI-Timbl\branch\crm-billing-client\src\main\java\org\datacontract\schemas\_2004\_07\CustomerDetail.java
D:\RI-Timbl\branch\crm-billing-client\src\main\java\org\datacontract\schemas\_2004\_07\CustomerDiscountDetails.java
D:\RI-Timbl\branch\crm-billing-client\src\main\java\org\datacontract\schemas\_2004\_07\CustomerNotificationExceptionListResult.java
D:\RI-Timbl\branch\crm-billing-client\src\main\java\org\datacontract\schemas\_2004\_07\CustomerPostPayment.java
D:\RI-Timbl\branch\crm-billing-client\src\main\java\org\datacontract\schemas\_2004\_07\CustomerPostPaymentResult.java
D:\RI-Timbl\branch\crm-billing-client\src\main\java\org\datacontract\schemas\_2004\_07\CustomerSpeedExceptionListResult.java
D:\RI-Timbl\branch\crm-billing-client\src\main\java\org\datacontract\schemas\_2004\_07\CustomerUnbaringExceptionListResult.java
D:\RI-Timbl\branch\crm-billing-client\src\main\java\org\datacontract\schemas\_2004\_07\CustomerUpdate.java
D:\RI-Timbl\branch\crm-billing-client\src\main\java\org\datacontract\schemas\_2004\_07\CustomerUsageDetail.java
D:\RI-Timbl\branch\crm-billing-client\src\main\java\org\datacontract\schemas\_2004\_07\DeviceDetailResult.java
D:\RI-Timbl\branch\crm-billing-client\src\main\java\org\datacontract\schemas\_2004\_07\DisableWalledGardenResult.java
D:\RI-Timbl\branch\crm-billing-client\src\main\java\org\datacontract\schemas\_2004\_07\GetChargeDetailResult.java
D:\RI-Timbl\branch\crm-billing-client\src\main\java\org\datacontract\schemas\_2004\_07\GetCurrentUsageResult.java
D:\RI-Timbl\branch\crm-billing-client\src\main\java\org\datacontract\schemas\_2004\_07\GetDeviceDetailResult.java
D:\RI-Timbl\branch\crm-billing-client\src\main\java\org\datacontract\schemas\_2004\_07\GetDiscountDetailsResult.java
D:\RI-Timbl\branch\crm-billing-client\src\main\java\org\datacontract\schemas\_2004\_07\GetDistributorDeviceDetailResult.java
D:\RI-Timbl\branch\crm-billing-client\src\main\java\org\datacontract\schemas\_2004\_07\GetLastPaymentResult.java
D:\RI-Timbl\branch\crm-billing-client\src\main\java\org\datacontract\schemas\_2004\_07\GetUserSessionResult.java
D:\RI-Timbl\branch\crm-billing-client\src\main\java\org\datacontract\schemas\_2004\_07\InstallationAddress.java
D:\RI-Timbl\branch\crm-billing-client\src\main\java\org\datacontract\schemas\_2004\_07\InstantOfferAllocation.java
D:\RI-Timbl\branch\crm-billing-client\src\main\java\org\datacontract\schemas\_2004\_07\InventoryItemToLCOResult.java
D:\RI-Timbl\branch\crm-billing-client\src\main\java\org\datacontract\schemas\_2004\_07\LastPaymentResult.java
D:\RI-Timbl\branch\crm-billing-client\src\main\java\org\datacontract\schemas\_2004\_07\LocalContactAddress.java
D:\RI-Timbl\branch\crm-billing-client\src\main\java\org\datacontract\schemas\_2004\_07\ObjectFactory.java
D:\RI-Timbl\branch\crm-billing-client\src\main\java\org\datacontract\schemas\_2004\_07\OfferAllocation.java
D:\RI-Timbl\branch\crm-billing-client\src\main\java\org\datacontract\schemas\_2004\_07\P2PReBarringResult.java
D:\RI-Timbl\branch\crm-billing-client\src\main\java\org\datacontract\schemas\_2004\_07\package-info.java
D:\RI-Timbl\branch\crm-billing-client\src\main\java\org\datacontract\schemas\_2004\_07\PaymentAdjustment.java
D:\RI-Timbl\branch\crm-billing-client\src\main\java\org\datacontract\schemas\_2004\_07\PaymentAdjustmentResult.java
D:\RI-Timbl\branch\crm-billing-client\src\main\java\org\datacontract\schemas\_2004\_07\PrBillingDetailsResult.java
D:\RI-Timbl\branch\crm-billing-client\src\main\java\org\datacontract\schemas\_2004\_07\RefferalDetailsResult.java
D:\RI-Timbl\branch\crm-billing-client\src\main\java\org\datacontract\schemas\_2004\_07\TerminationRefundResult.java
D:\RI-Timbl\branch\crm-billing-client\src\main\java\org\datacontract\schemas\_2004\_07\UserSessionResult.java
D:\RI-Timbl\branch\crm-billing-client\src\main\java\org\tempuri\CustomerOperations.java
D:\RI-Timbl\branch\crm-billing-client\src\main\java\org\tempuri\ICustomer.java
