-1.6
-encoding
UTF-8
-classpath
C:\Users\Toshiba\.m2\repository\commons-logging\commons-logging\1.1.1\commons-logging-1.1.1.jar;C:\Users\Toshiba\.m2\repository\struts\struts\1.2.7\struts-1.2.7.jar;C:\Users\Toshiba\.m2\repository\commons-beanutils\commons-beanutils\1.8.3\commons-beanutils-1.8.3.jar;C:\Users\Toshiba\.m2\repository\commons-codec\commons-codec\1.7\commons-codec-1.7.jar;C:\Users\Toshiba\.m2\repository\commons-discovery\commons-discovery\0.2\commons-discovery-0.2.jar;C:\Users\Toshiba\.m2\repository\commons-digester\commons-digester\2.1\commons-digester-2.1.jar;C:\Users\Toshiba\.m2\repository\displaytag\displaytag\1.1\displaytag-1.1.jar;C:\Users\Toshiba\.m2\repository\commons-io\commons-io\2.0.1\commons-io-2.0.1.jar;C:\Users\Toshiba\.m2\repository\org\directwebremoting\dwr\2.0.10\dwr-2.0.10.jar;C:\Users\Toshiba\.m2\repository\cglib\cglib\2.2.2\cglib-2.2.2.jar;C:\Users\Toshiba\.m2\repository\org\springframework\spring-aop\3.0.2.RELEASE\spring-aop-3.0.2.RELEASE.jar;C:\Users\Toshiba\.m2\repository\org\aspectj\aspectjrt\1.6.11\aspectjrt-1.6.11.jar;C:\Users\Toshiba\.m2\repository\org\aspectj\aspectjweaver\1.6.11\aspectjweaver-1.6.11.jar;C:\Users\Toshiba\.m2\repository\org\springframework\spring-aspects\3.0.2.RELEASE\spring-aspects-3.0.2.RELEASE.jar;C:\Users\Toshiba\.m2\repository\org\springframework\spring-tx\3.0.2.RELEASE\spring-tx-3.0.2.RELEASE.jar;C:\Users\Toshiba\.m2\repository\displaytag\displaytag-export-poi\1.2\displaytag-export-poi-1.2.jar;D:\RI-Timbl\branch\crm-soa-client\target\crm-soa-client-1.0-SNAPSHOT.jar;C:\Users\Toshiba\.m2\repository\jstl\jstl\1.2\jstl-1.2.jar;D:\RI-Timbl\branch\crm-common-utils\target\crm-common-utils-1.0-SNAPSHOT.jar;C:\Users\Toshiba\.m2\repository\org\apache\commons\commons-lang3\3.1\commons-lang3-3.1.jar;C:\Users\Toshiba\.m2\repository\log4j\log4j\1.2.16\log4j-1.2.16.jar;C:\Users\Toshiba\.m2\repository\javax\javaee-api\6.0\javaee-api-6.0.jar;C:\Users\Toshiba\.m2\repository\commons-chain\commons-chain\1.0\commons-chain-1.0.jar;C:\Users\Toshiba\.m2\repository\commons-fileupload\commons-fileupload\1.0\commons-fileupload-1.0.jar;C:\Users\Toshiba\.m2\repository\commons-validator\commons-validator\1.1.4\commons-validator-1.1.4.jar;C:\Users\Toshiba\.m2\repository\oro\oro\2.0.8\oro-2.0.8.jar;C:\Users\Toshiba\.m2\repository\antlr\antlr\2.7.2\antlr-2.7.2.jar;C:\Users\Toshiba\.m2\repository\commons-collections\commons-collections\3.1\commons-collections-3.1.jar;C:\Users\Toshiba\.m2\repository\commons-lang\commons-lang\2.1\commons-lang-2.1.jar;C:\Users\Toshiba\.m2\repository\com\lowagie\itext\1.3\itext-1.3.jar;C:\Users\Toshiba\.m2\repository\asm\asm\3.3.1\asm-3.3.1.jar;C:\Users\Toshiba\.m2\repository\aopalliance\aopalliance\1.0\aopalliance-1.0.jar;C:\Users\Toshiba\.m2\repository\org\springframework\spring-asm\3.0.2.RELEASE\spring-asm-3.0.2.RELEASE.jar;C:\Users\Toshiba\.m2\repository\org\springframework\spring-beans\3.0.2.RELEASE\spring-beans-3.0.2.RELEASE.jar;C:\Users\Toshiba\.m2\repository\org\springframework\spring-core\3.0.2.RELEASE\spring-core-3.0.2.RELEASE.jar;C:\Users\Toshiba\.m2\repository\org\springframework\spring-context\3.0.2.RELEASE\spring-context-3.0.2.RELEASE.jar;C:\Users\Toshiba\.m2\repository\org\springframework\spring-expression\3.0.2.RELEASE\spring-expression-3.0.2.RELEASE.jar;C:\Users\Toshiba\.m2\repository\org\springframework\spring-context-support\3.0.2.RELEASE\spring-context-support-3.0.2.RELEASE.jar;C:\Users\Toshiba\.m2\repository\org\springframework\spring-test\3.0.2.RELEASE\spring-test-3.0.2.RELEASE.jar;C:\Users\Toshiba\.m2\repository\org\apache\poi\poi\3.2-FINAL\poi-3.2-FINAL.jar;C:\Users\Toshiba\.m2\repository\org\aspectj\aspectjtools\1.6.11\aspectjtools-1.6.11.jar;C:\Users\Toshiba\.m2\repository\javax\mail\mail\1.4.5\mail-1.4.5.jar;C:\Users\Toshiba\.m2\repository\javax\activation\activation\1.1.1\activation-1.1.1.jar;C:\Users\Toshiba\.m2\repository\org\apache\poi\poi-ooxml\3.8\poi-ooxml-3.8.jar;C:\Users\Toshiba\.m2\repository\org\apache\poi\poi-ooxml-schemas\3.8\poi-ooxml-schemas-3.8.jar;C:\Users\Toshiba\.m2\repository\org\apache\xmlbeans\xmlbeans\2.3.0\xmlbeans-2.3.0.jar;C:\Users\Toshiba\.m2\repository\stax\stax-api\1.0.1\stax-api-1.0.1.jar;C:\Users\Toshiba\.m2\repository\dom4j\dom4j\1.6.1\dom4j-1.6.1.jar;C:\Users\Toshiba\.m2\repository\xml-apis\xml-apis\1.0.b2\xml-apis-1.0.b2.jar;C:\Users\Toshiba\.m2\repository\com\itextpdf\itextpdf\5.4.5\itextpdf-5.4.5.jar;C:\Users\Toshiba\.m2\repository\com\np\util\pojo-validator\1.7\pojo-validator-1.7.jar;D:\RI-Timbl\branch\crm-selfcare-portal\target\classes
-aspectpath
C:\Users\Toshiba\.m2\repository\org\springframework\spring-aspects\3.0.2.RELEASE\spring-aspects-3.0.2.RELEASE.jar
-d
D:\RI-Timbl\branch\crm-selfcare-portal\target\classes
D:\RI-Timbl\branch\crm-selfcare-portal\src\main\java\com\np\tele\selfcare\action\SelfcareAction.java
D:\RI-Timbl\branch\crm-selfcare-portal\src\main\java\com\np\tele\selfcare\action\SelfcareATOMResponseAction.java
D:\RI-Timbl\branch\crm-selfcare-portal\src\main\java\com\np\tele\selfcare\action\SelfcareHDFCResponseAction.java
D:\RI-Timbl\branch\crm-selfcare-portal\src\main\java\com\np\tele\selfcare\action\SelfcareLoginAction.java
D:\RI-Timbl\branch\crm-selfcare-portal\src\main\java\com\np\tele\selfcare\action\SelfcareMigrationAction.java
D:\RI-Timbl\branch\crm-selfcare-portal\src\main\java\com\np\tele\selfcare\action\SelfcarePaymentPDFAction.java
D:\RI-Timbl\branch\crm-selfcare-portal\src\main\java\com\np\tele\selfcare\action\SelfcareQuickPayAction.java
D:\RI-Timbl\branch\crm-selfcare-portal\src\main\java\com\np\tele\selfcare\action\SelfcareTPResponseAction.java
D:\RI-Timbl\branch\crm-selfcare-portal\src\main\java\com\np\tele\selfcare\action\SelfcareVerificationAction.java
D:\RI-Timbl\branch\crm-selfcare-portal\src\main\java\com\np\tele\selfcare\bm\ISelfcareManager.java
D:\RI-Timbl\branch\crm-selfcare-portal\src\main\java\com\np\tele\selfcare\bm\ISelfcarePlanMigrationMgr.java
D:\RI-Timbl\branch\crm-selfcare-portal\src\main\java\com\np\tele\selfcare\bm\SelfcareManagerImpl.java
D:\RI-Timbl\branch\crm-selfcare-portal\src\main\java\com\np\tele\selfcare\bm\SelfcarePlanMigrationMgrImpl.java
D:\RI-Timbl\branch\crm-selfcare-portal\src\main\java\com\np\tele\selfcare\common\utils\ISelfcareDwrManager.java
D:\RI-Timbl\branch\crm-selfcare-portal\src\main\java\com\np\tele\selfcare\common\utils\SelfcareDwrManagerImpl.java
D:\RI-Timbl\branch\crm-selfcare-portal\src\main\java\com\np\tele\selfcare\common\utils\SelfcareUtils.java
D:\RI-Timbl\branch\crm-selfcare-portal\src\main\java\com\np\tele\selfcare\common\utils\ValidationUtil.java
D:\RI-Timbl\branch\crm-selfcare-portal\src\main\java\com\np\tele\selfcare\filters\SecurityFilter.java
D:\RI-Timbl\branch\crm-selfcare-portal\src\main\java\com\np\tele\selfcare\forms\SelfcareForm.java
D:\RI-Timbl\branch\crm-selfcare-portal\src\main\java\com\np\tele\selfcare\forms\SelfcareFormHelper.java
D:\RI-Timbl\branch\crm-selfcare-portal\src\main\java\com\np\tele\selfcare\forms\SelfcareLoginForm.java
D:\RI-Timbl\branch\crm-selfcare-portal\src\main\java\com\np\tele\selfcare\forms\SelfcareLoginFormHelper.java
D:\RI-Timbl\branch\crm-selfcare-portal\src\main\java\com\np\tele\selfcare\forms\SelfcareMigrationForm.java
D:\RI-Timbl\branch\crm-selfcare-portal\src\main\java\com\np\tele\selfcare\forms\SelfcareQuickPayForm.java
D:\RI-Timbl\branch\crm-selfcare-portal\src\main\java\com\np\tele\selfcare\forms\SelfcareQuickPayFormHelper.java
D:\RI-Timbl\branch\crm-selfcare-portal\src\main\java\com\np\tele\selfcare\forms\SelfcareVerificationForm.java
