-1.6
-classpath
C:\Users\Toshiba\.m2\repository\commons-io\commons-io\2.0.1\commons-io-2.0.1.jar;C:\Users\Toshiba\.m2\repository\commons-logging\commons-logging\1.1.1\commons-logging-1.1.1.jar;C:\Users\Toshiba\.m2\repository\commons-codec\commons-codec\1.7\commons-codec-1.7.jar;D:\RI-Timbl\branch\crm-common-utils\target\crm-common-utils-1.0-SNAPSHOT.jar;C:\Users\Toshiba\.m2\repository\org\aspectj\aspectjrt\1.6.11\aspectjrt-1.6.11.jar;C:\Users\Toshiba\.m2\repository\org\aspectj\aspectjweaver\1.6.11\aspectjweaver-1.6.11.jar;C:\Users\Toshiba\.m2\repository\org\aspectj\aspectjtools\1.6.11\aspectjtools-1.6.11.jar;C:\Users\Toshiba\.m2\repository\commons-beanutils\commons-beanutils\1.8.3\commons-beanutils-1.8.3.jar;C:\Users\Toshiba\.m2\repository\org\apache\commons\commons-lang3\3.1\commons-lang3-3.1.jar;C:\Users\Toshiba\.m2\repository\log4j\log4j\1.2.16\log4j-1.2.16.jar;C:\Users\Toshiba\.m2\repository\javax\javaee-api\6.0\javaee-api-6.0.jar;C:\Users\Toshiba\.m2\repository\javax\mail\mail\1.4.5\mail-1.4.5.jar;C:\Users\Toshiba\.m2\repository\javax\activation\activation\1.1.1\activation-1.1.1.jar;C:\Users\Toshiba\.m2\repository\org\apache\poi\poi-ooxml\3.8\poi-ooxml-3.8.jar;C:\Users\Toshiba\.m2\repository\org\apache\poi\poi-ooxml-schemas\3.8\poi-ooxml-schemas-3.8.jar;C:\Users\Toshiba\.m2\repository\org\apache\xmlbeans\xmlbeans\2.3.0\xmlbeans-2.3.0.jar;C:\Users\Toshiba\.m2\repository\stax\stax-api\1.0.1\stax-api-1.0.1.jar;C:\Users\Toshiba\.m2\repository\dom4j\dom4j\1.6.1\dom4j-1.6.1.jar;C:\Users\Toshiba\.m2\repository\xml-apis\xml-apis\1.0.b2\xml-apis-1.0.b2.jar;C:\Users\Toshiba\.m2\repository\org\apache\poi\poi\3.8\poi-3.8.jar;C:\Users\Toshiba\.m2\repository\com\itextpdf\itextpdf\5.4.5\itextpdf-5.4.5.jar;C:\Users\Toshiba\.m2\repository\com\np\util\pojo-validator\1.7\pojo-validator-1.7.jar;D:\RI-Timbl\branch\crm-soa-client\target\classes
-d
D:\RI-Timbl\branch\crm-soa-client\target\classes
D:\RI-Timbl\branch\crm-soa-client\src\main\java\com\np\tele\crm\client\CRMAlertsClient.java
D:\RI-Timbl\branch\crm-soa-client\src\main\java\com\np\tele\crm\client\CRMCapClient.java
D:\RI-Timbl\branch\crm-soa-client\src\main\java\com\np\tele\crm\client\CrmConfigClient.java
D:\RI-Timbl\branch\crm-soa-client\src\main\java\com\np\tele\crm\client\CRMFinanceClient.java
D:\RI-Timbl\branch\crm-soa-client\src\main\java\com\np\tele\crm\client\CrmQrcClient.java
D:\RI-Timbl\branch\crm-soa-client\src\main\java\com\np\tele\crm\client\CRMReportsClient.java
D:\RI-Timbl\branch\crm-soa-client\src\main\java\com\np\tele\crm\client\GISServiceClient.java
D:\RI-Timbl\branch\crm-soa-client\src\main\java\com\np\tele\crm\client\LMSServiceClient.java
D:\RI-Timbl\branch\crm-soa-client\src\main\java\com\np\tele\crm\client\MasterDataClient.java
D:\RI-Timbl\branch\crm-soa-client\src\main\java\com\np\tele\crm\client\QRCFaultRepairClient.java
D:\RI-Timbl\branch\crm-soa-client\src\main\java\com\np\tele\crm\client\UserManagementClient.java
D:\RI-Timbl\branch\crm-soa-client\src\main\java\com\np\tele\crm\client\util\CrmClientUtil.java
D:\RI-Timbl\branch\crm-soa-client\src\main\java\com\np\tele\crm\service\client\AccessGroupPojo.java
D:\RI-Timbl\branch\crm-soa-client\src\main\java\com\np\tele\crm\service\client\AlertMasterPojo.java
D:\RI-Timbl\branch\crm-soa-client\src\main\java\com\np\tele\crm\service\client\AlertOperations.java
D:\RI-Timbl\branch\crm-soa-client\src\main\java\com\np\tele\crm\service\client\AlertOperationsResponse.java
D:\RI-Timbl\branch\crm-soa-client\src\main\java\com\np\tele\crm\service\client\AlertsDto.java
D:\RI-Timbl\branch\crm-soa-client\src\main\java\com\np\tele\crm\service\client\AlertsServiceService.java
D:\RI-Timbl\branch\crm-soa-client\src\main\java\com\np\tele\crm\service\client\AlertStatusPojo.java
D:\RI-Timbl\branch\crm-soa-client\src\main\java\com\np\tele\crm\service\client\AlertTemplate.java
D:\RI-Timbl\branch\crm-soa-client\src\main\java\com\np\tele\crm\service\client\AlertTemplateResponse.java
D:\RI-Timbl\branch\crm-soa-client\src\main\java\com\np\tele\crm\service\client\AppointmentPojo.java
D:\RI-Timbl\branch\crm-soa-client\src\main\java\com\np\tele\crm\service\client\AreaPojo.java
D:\RI-Timbl\branch\crm-soa-client\src\main\java\com\np\tele\crm\service\client\aspects\AccessGroupAspect.aj
D:\RI-Timbl\branch\crm-soa-client\src\main\java\com\np\tele\crm\service\client\aspects\AreaPojoAspect.aj
D:\RI-Timbl\branch\crm-soa-client\src\main\java\com\np\tele\crm\service\client\aspects\CityPojoAspect.aj
D:\RI-Timbl\branch\crm-soa-client\src\main\java\com\np\tele\crm\service\client\aspects\ClientOperationsAspect.java
D:\RI-Timbl\branch\crm-soa-client\src\main\java\com\np\tele\crm\service\client\aspects\CountryPojoAspect.aj
D:\RI-Timbl\branch\crm-soa-client\src\main\java\com\np\tele\crm\service\client\aspects\CrmAdditionalDetailsAspect.aj
D:\RI-Timbl\branch\crm-soa-client\src\main\java\com\np\tele\crm\service\client\aspects\CrmAddressDetailsAspect.aj
D:\RI-Timbl\branch\crm-soa-client\src\main\java\com\np\tele\crm\service\client\aspects\CrmCmsFilePojoAspect.aj
D:\RI-Timbl\branch\crm-soa-client\src\main\java\com\np\tele\crm\service\client\aspects\CrmCmsPaymentPojoAspect.aj
D:\RI-Timbl\branch\crm-soa-client\src\main\java\com\np\tele\crm\service\client\aspects\CrmCustAdditionalDetailsAspect.aj
D:\RI-Timbl\branch\crm-soa-client\src\main\java\com\np\tele\crm\service\client\aspects\CrmCustAssetDetailsPojoAspect.aj
D:\RI-Timbl\branch\crm-soa-client\src\main\java\com\np\tele\crm\service\client\aspects\CrmCustomerDetailsAspect.aj
D:\RI-Timbl\branch\crm-soa-client\src\main\java\com\np\tele\crm\service\client\aspects\CrmCustWaiverPojoAspect.aj
D:\RI-Timbl\branch\crm-soa-client\src\main\java\com\np\tele\crm\service\client\aspects\CrmDocumentDetailsAspect.aj
D:\RI-Timbl\branch\crm-soa-client\src\main\java\com\np\tele\crm\service\client\aspects\CrmHolidayDetailsAspect.aj
D:\RI-Timbl\branch\crm-soa-client\src\main\java\com\np\tele\crm\service\client\aspects\CrmInvoiceDetailsPojoAspect.aj
D:\RI-Timbl\branch\crm-soa-client\src\main\java\com\np\tele\crm\service\client\aspects\CrmMassOutagePojoAspect.aj
D:\RI-Timbl\branch\crm-soa-client\src\main\java\com\np\tele\crm\service\client\aspects\CrmNationalityDetailsAspect.aj
D:\RI-Timbl\branch\crm-soa-client\src\main\java\com\np\tele\crm\service\client\aspects\CrmNpMobilePojoAspect.aj
D:\RI-Timbl\branch\crm-soa-client\src\main\java\com\np\tele\crm\service\client\aspects\CrmOrderDetailsAspect.aj
D:\RI-Timbl\branch\crm-soa-client\src\main\java\com\np\tele\crm\service\client\aspects\CrmParameterPojoAspect.aj
D:\RI-Timbl\branch\crm-soa-client\src\main\java\com\np\tele\crm\service\client\aspects\CrmPartnerDetailsPojoAspect.aj
D:\RI-Timbl\branch\crm-soa-client\src\main\java\com\np\tele\crm\service\client\aspects\CrmPartnerMappingAspect.aj
D:\RI-Timbl\branch\crm-soa-client\src\main\java\com\np\tele\crm\service\client\aspects\CrmPaymentDetailsAspect.aj
D:\RI-Timbl\branch\crm-soa-client\src\main\java\com\np\tele\crm\service\client\aspects\CrmPlanDetailsAspect.aj
D:\RI-Timbl\branch\crm-soa-client\src\main\java\com\np\tele\crm\service\client\aspects\CrmPlanMasterAspect.aj
D:\RI-Timbl\branch\crm-soa-client\src\main\java\com\np\tele\crm\service\client\aspects\CrmPodDetailsPojoAspect.aj
D:\RI-Timbl\branch\crm-soa-client\src\main\java\com\np\tele\crm\service\client\aspects\CrmQrcActionTakenPojoAspect.aj
D:\RI-Timbl\branch\crm-soa-client\src\main\java\com\np\tele\crm\service\client\aspects\CrmQrcAttributedToAspect.aj
D:\RI-Timbl\branch\crm-soa-client\src\main\java\com\np\tele\crm\service\client\aspects\CrmQrcCategoriesAspect.aj
D:\RI-Timbl\branch\crm-soa-client\src\main\java\com\np\tele\crm\service\client\aspects\CrmQrcCategoryBinMappingPojoAspect.aj
D:\RI-Timbl\branch\crm-soa-client\src\main\java\com\np\tele\crm\service\client\aspects\CrmQrcRootCausePojoAspect.aj
D:\RI-Timbl\branch\crm-soa-client\src\main\java\com\np\tele\crm\service\client\aspects\CrmQrcSubCategoriesAspect.aj
D:\RI-Timbl\branch\crm-soa-client\src\main\java\com\np\tele\crm\service\client\aspects\CrmQrcSubSubCategoriesAspect.aj
D:\RI-Timbl\branch\crm-soa-client\src\main\java\com\np\tele\crm\service\client\aspects\CrmRcaReasonPojoAspect.aj
D:\RI-Timbl\branch\crm-soa-client\src\main\java\com\np\tele\crm\service\client\aspects\CRMRolesAspect.aj
D:\RI-Timbl\branch\crm-soa-client\src\main\java\com\np\tele\crm\service\client\aspects\CrmSrTicketsPojoAspect.aj
D:\RI-Timbl\branch\crm-soa-client\src\main\java\com\np\tele\crm\service\client\aspects\CrmUpfrontPaymentPojoAspect.aj
D:\RI-Timbl\branch\crm-soa-client\src\main\java\com\np\tele\crm\service\client\aspects\CrmUserMappingPojoAspect.aj
D:\RI-Timbl\branch\crm-soa-client\src\main\java\com\np\tele\crm\service\client\aspects\CrmUserPojoAspect.aj
D:\RI-Timbl\branch\crm-soa-client\src\main\java\com\np\tele\crm\service\client\aspects\EmailCcBccAspect.aj
D:\RI-Timbl\branch\crm-soa-client\src\main\java\com\np\tele\crm\service\client\aspects\EmailServerAspect.aj
D:\RI-Timbl\branch\crm-soa-client\src\main\java\com\np\tele\crm\service\client\aspects\EmailTemplateAspect.aj
D:\RI-Timbl\branch\crm-soa-client\src\main\java\com\np\tele\crm\service\client\aspects\EventPojoAspect.aj
D:\RI-Timbl\branch\crm-soa-client\src\main\java\com\np\tele\crm\service\client\aspects\EventTemplatesAspect.aj
D:\RI-Timbl\branch\crm-soa-client\src\main\java\com\np\tele\crm\service\client\aspects\GroupPojoAspect.aj
D:\RI-Timbl\branch\crm-soa-client\src\main\java\com\np\tele\crm\service\client\aspects\INAReportPojoAspect.aj
D:\RI-Timbl\branch\crm-soa-client\src\main\java\com\np\tele\crm\service\client\aspects\LmsPojoAspect.aj
D:\RI-Timbl\branch\crm-soa-client\src\main\java\com\np\tele\crm\service\client\aspects\LocalityPojoAspect.aj
D:\RI-Timbl\branch\crm-soa-client\src\main\java\com\np\tele\crm\service\client\aspects\PartnerPojoAspect.aj
D:\RI-Timbl\branch\crm-soa-client\src\main\java\com\np\tele\crm\service\client\aspects\ProjectsPojoAspect.aj
D:\RI-Timbl\branch\crm-soa-client\src\main\java\com\np\tele\crm\service\client\aspects\QrcTicketReportAspect.aj
D:\RI-Timbl\branch\crm-soa-client\src\main\java\com\np\tele\crm\service\client\aspects\RemarksPojoAspect.aj
D:\RI-Timbl\branch\crm-soa-client\src\main\java\com\np\tele\crm\service\client\aspects\SmsGatewayAspect.aj
D:\RI-Timbl\branch\crm-soa-client\src\main\java\com\np\tele\crm\service\client\aspects\SmsTemplateAspect.aj
D:\RI-Timbl\branch\crm-soa-client\src\main\java\com\np\tele\crm\service\client\aspects\SocietyNetworkPartnerAspect.aj
D:\RI-Timbl\branch\crm-soa-client\src\main\java\com\np\tele\crm\service\client\aspects\SocietyPojoAspect.aj
D:\RI-Timbl\branch\crm-soa-client\src\main\java\com\np\tele\crm\service\client\aspects\StatePojoAspect.aj
D:\RI-Timbl\branch\crm-soa-client\src\main\java\com\np\tele\crm\service\client\aspects\UserRolesPojoAspect.aj
D:\RI-Timbl\branch\crm-soa-client\src\main\java\com\np\tele\crm\service\client\AtomPgwPojo.java
D:\RI-Timbl\branch\crm-soa-client\src\main\java\com\np\tele\crm\service\client\AuditLogOperation.java
D:\RI-Timbl\branch\crm-soa-client\src\main\java\com\np\tele\crm\service\client\AuditLogOperationResponse.java
D:\RI-Timbl\branch\crm-soa-client\src\main\java\com\np\tele\crm\service\client\ChangeInboxBin.java
D:\RI-Timbl\branch\crm-soa-client\src\main\java\com\np\tele\crm\service\client\ChangeInboxBinResponse.java
D:\RI-Timbl\branch\crm-soa-client\src\main\java\com\np\tele\crm\service\client\ChangePassword.java
D:\RI-Timbl\branch\crm-soa-client\src\main\java\com\np\tele\crm\service\client\ChangePasswordResponse.java
D:\RI-Timbl\branch\crm-soa-client\src\main\java\com\np\tele\crm\service\client\CityPojo.java
D:\RI-Timbl\branch\crm-soa-client\src\main\java\com\np\tele\crm\service\client\CommonCustDetailsPojo.java
D:\RI-Timbl\branch\crm-soa-client\src\main\java\com\np\tele\crm\service\client\CommonWorkflowPojo.java
D:\RI-Timbl\branch\crm-soa-client\src\main\java\com\np\tele\crm\service\client\ConfigDto.java
D:\RI-Timbl\branch\crm-soa-client\src\main\java\com\np\tele\crm\service\client\ConfigOperations.java
D:\RI-Timbl\branch\crm-soa-client\src\main\java\com\np\tele\crm\service\client\ConfigOperationsResponse.java
D:\RI-Timbl\branch\crm-soa-client\src\main\java\com\np\tele\crm\service\client\ContentPojo.java
D:\RI-Timbl\branch\crm-soa-client\src\main\java\com\np\tele\crm\service\client\CountryPojo.java
D:\RI-Timbl\branch\crm-soa-client\src\main\java\com\np\tele\crm\service\client\CrmAdditionalDetailsPojo.java
D:\RI-Timbl\branch\crm-soa-client\src\main\java\com\np\tele\crm\service\client\CrmAddressDetailsPojo.java
D:\RI-Timbl\branch\crm-soa-client\src\main\java\com\np\tele\crm\service\client\CRMAlertsService.java
D:\RI-Timbl\branch\crm-soa-client\src\main\java\com\np\tele\crm\service\client\CrmAuditLogPojo.java
D:\RI-Timbl\branch\crm-soa-client\src\main\java\com\np\tele\crm\service\client\CrmBillCyclePojo.java
D:\RI-Timbl\branch\crm-soa-client\src\main\java\com\np\tele\crm\service\client\CrmBillingPlanRequestPojo.java
D:\RI-Timbl\branch\crm-soa-client\src\main\java\com\np\tele\crm\service\client\CrmBillingTransactionsPojo.java
D:\RI-Timbl\branch\crm-soa-client\src\main\java\com\np\tele\crm\service\client\CrmCapDto.java
D:\RI-Timbl\branch\crm-soa-client\src\main\java\com\np\tele\crm\service\client\CrmCapOperation.java
D:\RI-Timbl\branch\crm-soa-client\src\main\java\com\np\tele\crm\service\client\CrmCapOperationResponse.java
D:\RI-Timbl\branch\crm-soa-client\src\main\java\com\np\tele\crm\service\client\CrmCapService.java
D:\RI-Timbl\branch\crm-soa-client\src\main\java\com\np\tele\crm\service\client\CrmCapServiceService.java
D:\RI-Timbl\branch\crm-soa-client\src\main\java\com\np\tele\crm\service\client\CrmCmsFilePojo.java
D:\RI-Timbl\branch\crm-soa-client\src\main\java\com\np\tele\crm\service\client\CrmCmsPaymentPojo.java
D:\RI-Timbl\branch\crm-soa-client\src\main\java\com\np\tele\crm\service\client\CRMConfigService.java
D:\RI-Timbl\branch\crm-soa-client\src\main\java\com\np\tele\crm\service\client\CRMConfigServiceService.java
D:\RI-Timbl\branch\crm-soa-client\src\main\java\com\np\tele\crm\service\client\CrmCustAadharNumberPojo.java
D:\RI-Timbl\branch\crm-soa-client\src\main\java\com\np\tele\crm\service\client\CrmCustAdditionalDetails.java
D:\RI-Timbl\branch\crm-soa-client\src\main\java\com\np\tele\crm\service\client\CrmCustAssetDetailsPojo.java
D:\RI-Timbl\branch\crm-soa-client\src\main\java\com\np\tele\crm\service\client\CrmCustInteractionsPojo.java
D:\RI-Timbl\branch\crm-soa-client\src\main\java\com\np\tele\crm\service\client\CrmCustMyAccountPojo.java
D:\RI-Timbl\branch\crm-soa-client\src\main\java\com\np\tele\crm\service\client\CrmCustomerActivityPojo.java
D:\RI-Timbl\branch\crm-soa-client\src\main\java\com\np\tele\crm\service\client\CrmCustomerDetailsPojo.java
D:\RI-Timbl\branch\crm-soa-client\src\main\java\com\np\tele\crm\service\client\CrmCustomerRefundsPojo.java
D:\RI-Timbl\branch\crm-soa-client\src\main\java\com\np\tele\crm\service\client\CrmCustWaiverPojo.java
D:\RI-Timbl\branch\crm-soa-client\src\main\java\com\np\tele\crm\service\client\CrmDocumentDetailsPojo.java
D:\RI-Timbl\branch\crm-soa-client\src\main\java\com\np\tele\crm\service\client\CrmEmailAttachment.java
D:\RI-Timbl\branch\crm-soa-client\src\main\java\com\np\tele\crm\service\client\CrmFinanceDto.java
D:\RI-Timbl\branch\crm-soa-client\src\main\java\com\np\tele\crm\service\client\CrmFinanceService.java
D:\RI-Timbl\branch\crm-soa-client\src\main\java\com\np\tele\crm\service\client\CrmFinanceServiceService.java
D:\RI-Timbl\branch\crm-soa-client\src\main\java\com\np\tele\crm\service\client\CRMGISService.java
D:\RI-Timbl\branch\crm-soa-client\src\main\java\com\np\tele\crm\service\client\CrmHolidayDetails.java
D:\RI-Timbl\branch\crm-soa-client\src\main\java\com\np\tele\crm\service\client\CrmInvoiceDetailsPojo.java
D:\RI-Timbl\branch\crm-soa-client\src\main\java\com\np\tele\crm\service\client\CRMLMSService.java
D:\RI-Timbl\branch\crm-soa-client\src\main\java\com\np\tele\crm\service\client\CrmMassOutageAreaPojo.java
D:\RI-Timbl\branch\crm-soa-client\src\main\java\com\np\tele\crm\service\client\CrmMassOutageCityPojo.java
D:\RI-Timbl\branch\crm-soa-client\src\main\java\com\np\tele\crm\service\client\CrmMassOutageDto.java
D:\RI-Timbl\branch\crm-soa-client\src\main\java\com\np\tele\crm\service\client\CrmMassOutageLocalityPojo.java
D:\RI-Timbl\branch\crm-soa-client\src\main\java\com\np\tele\crm\service\client\CrmMassOutageMastersPojo.java
D:\RI-Timbl\branch\crm-soa-client\src\main\java\com\np\tele\crm\service\client\CrmMassOutagePartnerPojo.java
D:\RI-Timbl\branch\crm-soa-client\src\main\java\com\np\tele\crm\service\client\CrmMassOutagePojo.java
D:\RI-Timbl\branch\crm-soa-client\src\main\java\com\np\tele\crm\service\client\CrmMassOutageSocietyPojo.java
D:\RI-Timbl\branch\crm-soa-client\src\main\java\com\np\tele\crm\service\client\CrmMassOutageStatePojo.java
D:\RI-Timbl\branch\crm-soa-client\src\main\java\com\np\tele\crm\service\client\CrmNationalityDetailsPojo.java
D:\RI-Timbl\branch\crm-soa-client\src\main\java\com\np\tele\crm\service\client\CrmNetworkConfigurationsPojo.java
D:\RI-Timbl\branch\crm-soa-client\src\main\java\com\np\tele\crm\service\client\CrmNpMobilePojo.java
D:\RI-Timbl\branch\crm-soa-client\src\main\java\com\np\tele\crm\service\client\CrmOrderDetailsPojo.java
D:\RI-Timbl\branch\crm-soa-client\src\main\java\com\np\tele\crm\service\client\CrmParamDataPojo.java
D:\RI-Timbl\branch\crm-soa-client\src\main\java\com\np\tele\crm\service\client\CrmParameterPojo.java
D:\RI-Timbl\branch\crm-soa-client\src\main\java\com\np\tele\crm\service\client\CrmPartnerDetailsPojo.java
D:\RI-Timbl\branch\crm-soa-client\src\main\java\com\np\tele\crm\service\client\CrmPartnerMappingPojo.java
D:\RI-Timbl\branch\crm-soa-client\src\main\java\com\np\tele\crm\service\client\CrmPartnerNetworkConfigPojo.java
D:\RI-Timbl\branch\crm-soa-client\src\main\java\com\np\tele\crm\service\client\CrmPaymentCentresPojo.java
D:\RI-Timbl\branch\crm-soa-client\src\main\java\com\np\tele\crm\service\client\CrmPaymentDetailsPojo.java
D:\RI-Timbl\branch\crm-soa-client\src\main\java\com\np\tele\crm\service\client\CrmPgwTransactionsPojo.java
D:\RI-Timbl\branch\crm-soa-client\src\main\java\com\np\tele\crm\service\client\CrmPlanDetailsPojo.java
D:\RI-Timbl\branch\crm-soa-client\src\main\java\com\np\tele\crm\service\client\CrmPlanMasterPojo.java
D:\RI-Timbl\branch\crm-soa-client\src\main\java\com\np\tele\crm\service\client\CrmPodDetailsPojo.java
D:\RI-Timbl\branch\crm-soa-client\src\main\java\com\np\tele\crm\service\client\CrmQrcActionTakenPojo.java
D:\RI-Timbl\branch\crm-soa-client\src\main\java\com\np\tele\crm\service\client\CrmQrcAttributedToPojo.java
D:\RI-Timbl\branch\crm-soa-client\src\main\java\com\np\tele\crm\service\client\CrmQrcCategoriesPojo.java
D:\RI-Timbl\branch\crm-soa-client\src\main\java\com\np\tele\crm\service\client\CrmQrcCategoryBinMappingPojo.java
D:\RI-Timbl\branch\crm-soa-client\src\main\java\com\np\tele\crm\service\client\CrmQrcCommonPojo.java
D:\RI-Timbl\branch\crm-soa-client\src\main\java\com\np\tele\crm\service\client\CrmQrcDto.java
D:\RI-Timbl\branch\crm-soa-client\src\main\java\com\np\tele\crm\service\client\CrmQrcRootCausePojo.java
D:\RI-Timbl\branch\crm-soa-client\src\main\java\com\np\tele\crm\service\client\CrmQrcService.java
D:\RI-Timbl\branch\crm-soa-client\src\main\java\com\np\tele\crm\service\client\CrmQrcServiceService.java
D:\RI-Timbl\branch\crm-soa-client\src\main\java\com\np\tele\crm\service\client\CrmQrcSubCategoriesPojo.java
D:\RI-Timbl\branch\crm-soa-client\src\main\java\com\np\tele\crm\service\client\CrmQrcSubSubCategoriesPojo.java
D:\RI-Timbl\branch\crm-soa-client\src\main\java\com\np\tele\crm\service\client\CrmQrcWhitelistPojo.java
D:\RI-Timbl\branch\crm-soa-client\src\main\java\com\np\tele\crm\service\client\CrmRcaReasonPojo.java
D:\RI-Timbl\branch\crm-soa-client\src\main\java\com\np\tele\crm\service\client\CRMReportService.java
D:\RI-Timbl\branch\crm-soa-client\src\main\java\com\np\tele\crm\service\client\CRMReportServiceService.java
D:\RI-Timbl\branch\crm-soa-client\src\main\java\com\np\tele\crm\service\client\CrmRolesPojo.java
D:\RI-Timbl\branch\crm-soa-client\src\main\java\com\np\tele\crm\service\client\CrmSelfcareCategoriesPojo.java
D:\RI-Timbl\branch\crm-soa-client\src\main\java\com\np\tele\crm\service\client\CrmShiftingWorkflowPojo.java
D:\RI-Timbl\branch\crm-soa-client\src\main\java\com\np\tele\crm\service\client\CrmSlaLogPojo.java
D:\RI-Timbl\branch\crm-soa-client\src\main\java\com\np\tele\crm\service\client\CrmSrTicketsPojo.java
D:\RI-Timbl\branch\crm-soa-client\src\main\java\com\np\tele\crm\service\client\CrmTicketHistoryPojo.java
D:\RI-Timbl\branch\crm-soa-client\src\main\java\com\np\tele\crm\service\client\CrmUpCrfMappingPojo.java
D:\RI-Timbl\branch\crm-soa-client\src\main\java\com\np\tele\crm\service\client\CrmUpfrontPaymentPojo.java
D:\RI-Timbl\branch\crm-soa-client\src\main\java\com\np\tele\crm\service\client\CrmUserAssociationPojo.java
D:\RI-Timbl\branch\crm-soa-client\src\main\java\com\np\tele\crm\service\client\CrmuserDetailsDto.java
D:\RI-Timbl\branch\crm-soa-client\src\main\java\com\np\tele\crm\service\client\CRMUserManagement.java
D:\RI-Timbl\branch\crm-soa-client\src\main\java\com\np\tele\crm\service\client\CrmUserMappingPojo.java
D:\RI-Timbl\branch\crm-soa-client\src\main\java\com\np\tele\crm\service\client\CrmUserPojo.java
D:\RI-Timbl\branch\crm-soa-client\src\main\java\com\np\tele\crm\service\client\CustomerActivityOps.java
D:\RI-Timbl\branch\crm-soa-client\src\main\java\com\np\tele\crm\service\client\CustomerActivityOpsResponse.java
D:\RI-Timbl\branch\crm-soa-client\src\main\java\com\np\tele\crm\service\client\CustomerProfileOperations.java
D:\RI-Timbl\branch\crm-soa-client\src\main\java\com\np\tele\crm\service\client\CustomerProfileOperationsResponse.java
D:\RI-Timbl\branch\crm-soa-client\src\main\java\com\np\tele\crm\service\client\CustomerUsageDetailsPojo.java
D:\RI-Timbl\branch\crm-soa-client\src\main\java\com\np\tele\crm\service\client\EmailCcBccPojo.java
D:\RI-Timbl\branch\crm-soa-client\src\main\java\com\np\tele\crm\service\client\EmailServerPojo.java
D:\RI-Timbl\branch\crm-soa-client\src\main\java\com\np\tele\crm\service\client\EmailTemplatePojo.java
D:\RI-Timbl\branch\crm-soa-client\src\main\java\com\np\tele\crm\service\client\EventsPojo.java
D:\RI-Timbl\branch\crm-soa-client\src\main\java\com\np\tele\crm\service\client\EventTemplate.java
D:\RI-Timbl\branch\crm-soa-client\src\main\java\com\np\tele\crm\service\client\EventTemplateResponse.java
D:\RI-Timbl\branch\crm-soa-client\src\main\java\com\np\tele\crm\service\client\EventTemplatesPojo.java
D:\RI-Timbl\branch\crm-soa-client\src\main\java\com\np\tele\crm\service\client\ExtAlertDto.java
D:\RI-Timbl\branch\crm-soa-client\src\main\java\com\np\tele\crm\service\client\ExternalApplication.java
D:\RI-Timbl\branch\crm-soa-client\src\main\java\com\np\tele\crm\service\client\ExternalApplicationResponse.java
D:\RI-Timbl\branch\crm-soa-client\src\main\java\com\np\tele\crm\service\client\GeMappingIdByRemarks.java
D:\RI-Timbl\branch\crm-soa-client\src\main\java\com\np\tele\crm\service\client\GeMappingIdByRemarksResponse.java
D:\RI-Timbl\branch\crm-soa-client\src\main\java\com\np\tele\crm\service\client\GetCustomerAssociations.java
D:\RI-Timbl\branch\crm-soa-client\src\main\java\com\np\tele\crm\service\client\GetCustomerAssociationsResponse.java
D:\RI-Timbl\branch\crm-soa-client\src\main\java\com\np\tele\crm\service\client\GetInbox.java
D:\RI-Timbl\branch\crm-soa-client\src\main\java\com\np\tele\crm\service\client\GetInboxResponse.java
D:\RI-Timbl\branch\crm-soa-client\src\main\java\com\np\tele\crm\service\client\GetMappedUsersByUser.java
D:\RI-Timbl\branch\crm-soa-client\src\main\java\com\np\tele\crm\service\client\GetMappedUsersByUserResponse.java
D:\RI-Timbl\branch\crm-soa-client\src\main\java\com\np\tele\crm\service\client\GetMappingIdtByAppointMents.java
D:\RI-Timbl\branch\crm-soa-client\src\main\java\com\np\tele\crm\service\client\GetMappingIdtByAppointMentsResponse.java
D:\RI-Timbl\branch\crm-soa-client\src\main\java\com\np\tele\crm\service\client\GetMasterData.java
D:\RI-Timbl\branch\crm-soa-client\src\main\java\com\np\tele\crm\service\client\GetMasterDataResponse.java
D:\RI-Timbl\branch\crm-soa-client\src\main\java\com\np\tele\crm\service\client\GetUserAssignAccess.java
D:\RI-Timbl\branch\crm-soa-client\src\main\java\com\np\tele\crm\service\client\GetUserAssignAccessResponse.java
D:\RI-Timbl\branch\crm-soa-client\src\main\java\com\np\tele\crm\service\client\GetUsersByParameter.java
D:\RI-Timbl\branch\crm-soa-client\src\main\java\com\np\tele\crm\service\client\GetUsersByParameterResponse.java
D:\RI-Timbl\branch\crm-soa-client\src\main\java\com\np\tele\crm\service\client\GisDto.java
D:\RI-Timbl\branch\crm-soa-client\src\main\java\com\np\tele\crm\service\client\GisOperation.java
D:\RI-Timbl\branch\crm-soa-client\src\main\java\com\np\tele\crm\service\client\GisOperationResponse.java
D:\RI-Timbl\branch\crm-soa-client\src\main\java\com\np\tele\crm\service\client\GISServiceService.java
D:\RI-Timbl\branch\crm-soa-client\src\main\java\com\np\tele\crm\service\client\GroupsPojo.java
D:\RI-Timbl\branch\crm-soa-client\src\main\java\com\np\tele\crm\service\client\HdfcPgwPojo.java
D:\RI-Timbl\branch\crm-soa-client\src\main\java\com\np\tele\crm\service\client\InaReportPojo.java
D:\RI-Timbl\branch\crm-soa-client\src\main\java\com\np\tele\crm\service\client\INAReportsOperation.java
D:\RI-Timbl\branch\crm-soa-client\src\main\java\com\np\tele\crm\service\client\INAReportsOperationResponse.java
D:\RI-Timbl\branch\crm-soa-client\src\main\java\com\np\tele\crm\service\client\LmsCrfMappingPojo.java
D:\RI-Timbl\branch\crm-soa-client\src\main\java\com\np\tele\crm\service\client\LmsDto.java
D:\RI-Timbl\branch\crm-soa-client\src\main\java\com\np\tele\crm\service\client\LmsOperation.java
D:\RI-Timbl\branch\crm-soa-client\src\main\java\com\np\tele\crm\service\client\LmsOperationResponse.java
D:\RI-Timbl\branch\crm-soa-client\src\main\java\com\np\tele\crm\service\client\LmsPojo.java
D:\RI-Timbl\branch\crm-soa-client\src\main\java\com\np\tele\crm\service\client\LmsReportPojo.java
D:\RI-Timbl\branch\crm-soa-client\src\main\java\com\np\tele\crm\service\client\LMSServiceService.java
D:\RI-Timbl\branch\crm-soa-client\src\main\java\com\np\tele\crm\service\client\LocalityPojo.java
D:\RI-Timbl\branch\crm-soa-client\src\main\java\com\np\tele\crm\service\client\LoginAuthentication.java
D:\RI-Timbl\branch\crm-soa-client\src\main\java\com\np\tele\crm\service\client\LoginAuthenticationResponse.java
D:\RI-Timbl\branch\crm-soa-client\src\main\java\com\np\tele\crm\service\client\MassOutageOperations.java
D:\RI-Timbl\branch\crm-soa-client\src\main\java\com\np\tele\crm\service\client\MassOutageOperationsResponse.java
D:\RI-Timbl\branch\crm-soa-client\src\main\java\com\np\tele\crm\service\client\MasterData.java
D:\RI-Timbl\branch\crm-soa-client\src\main\java\com\np\tele\crm\service\client\MasterDataDto.java
D:\RI-Timbl\branch\crm-soa-client\src\main\java\com\np\tele\crm\service\client\MasterDataServiceService.java
D:\RI-Timbl\branch\crm-soa-client\src\main\java\com\np\tele\crm\service\client\MasterOperations.java
D:\RI-Timbl\branch\crm-soa-client\src\main\java\com\np\tele\crm\service\client\MasterOperationsResponse.java
D:\RI-Timbl\branch\crm-soa-client\src\main\java\com\np\tele\crm\service\client\ObjectFactory.java
D:\RI-Timbl\branch\crm-soa-client\src\main\java\com\np\tele\crm\service\client\package-info.java
D:\RI-Timbl\branch\crm-soa-client\src\main\java\com\np\tele\crm\service\client\ParameterGroupOperations.java
D:\RI-Timbl\branch\crm-soa-client\src\main\java\com\np\tele\crm\service\client\ParameterGroupOperationsResponse.java
D:\RI-Timbl\branch\crm-soa-client\src\main\java\com\np\tele\crm\service\client\PartnerOperations.java
D:\RI-Timbl\branch\crm-soa-client\src\main\java\com\np\tele\crm\service\client\PartnerOperationsResponse.java
D:\RI-Timbl\branch\crm-soa-client\src\main\java\com\np\tele\crm\service\client\PartnerPojo.java
D:\RI-Timbl\branch\crm-soa-client\src\main\java\com\np\tele\crm\service\client\PaymentReportPojo.java
D:\RI-Timbl\branch\crm-soa-client\src\main\java\com\np\tele\crm\service\client\PgwOperations.java
D:\RI-Timbl\branch\crm-soa-client\src\main\java\com\np\tele\crm\service\client\PgwOperationsResponse.java
D:\RI-Timbl\branch\crm-soa-client\src\main\java\com\np\tele\crm\service\client\PlanMigrationPolicyPojo.java
D:\RI-Timbl\branch\crm-soa-client\src\main\java\com\np\tele\crm\service\client\PostPayment.java
D:\RI-Timbl\branch\crm-soa-client\src\main\java\com\np\tele\crm\service\client\PostPaymentResponse.java
D:\RI-Timbl\branch\crm-soa-client\src\main\java\com\np\tele\crm\service\client\ProjectsPojo.java
D:\RI-Timbl\branch\crm-soa-client\src\main\java\com\np\tele\crm\service\client\QrcConfigDto.java
D:\RI-Timbl\branch\crm-soa-client\src\main\java\com\np\tele\crm\service\client\QrcConfigOperations.java
D:\RI-Timbl\branch\crm-soa-client\src\main\java\com\np\tele\crm\service\client\QrcConfigOperationsResponse.java
D:\RI-Timbl\branch\crm-soa-client\src\main\java\com\np\tele\crm\service\client\QrcFaultRepair.java
D:\RI-Timbl\branch\crm-soa-client\src\main\java\com\np\tele\crm\service\client\QrcFaultRepairResponse.java
D:\RI-Timbl\branch\crm-soa-client\src\main\java\com\np\tele\crm\service\client\QRCFaultRepairService.java
D:\RI-Timbl\branch\crm-soa-client\src\main\java\com\np\tele\crm\service\client\QRCFaultRepairServiceService.java
D:\RI-Timbl\branch\crm-soa-client\src\main\java\com\np\tele\crm\service\client\QrcOperations.java
D:\RI-Timbl\branch\crm-soa-client\src\main\java\com\np\tele\crm\service\client\QrcOperationsResponse.java
D:\RI-Timbl\branch\crm-soa-client\src\main\java\com\np\tele\crm\service\client\QRCReportsOperation.java
D:\RI-Timbl\branch\crm-soa-client\src\main\java\com\np\tele\crm\service\client\QRCReportsOperationResponse.java
D:\RI-Timbl\branch\crm-soa-client\src\main\java\com\np\tele\crm\service\client\QrcTicketReportPojo.java
D:\RI-Timbl\branch\crm-soa-client\src\main\java\com\np\tele\crm\service\client\RemarksPojo.java
D:\RI-Timbl\branch\crm-soa-client\src\main\java\com\np\tele\crm\service\client\replicas\LmsExcelPojo.java
D:\RI-Timbl\branch\crm-soa-client\src\main\java\com\np\tele\crm\service\client\ReportDto.java
D:\RI-Timbl\branch\crm-soa-client\src\main\java\com\np\tele\crm\service\client\RfsReportPojo.java
D:\RI-Timbl\branch\crm-soa-client\src\main\java\com\np\tele\crm\service\client\RolesGroupOperations.java
D:\RI-Timbl\branch\crm-soa-client\src\main\java\com\np\tele\crm\service\client\RolesGroupOperationsResponse.java
D:\RI-Timbl\branch\crm-soa-client\src\main\java\com\np\tele\crm\service\client\SaveAppointment.java
D:\RI-Timbl\branch\crm-soa-client\src\main\java\com\np\tele\crm\service\client\SaveAppointmentResponse.java
D:\RI-Timbl\branch\crm-soa-client\src\main\java\com\np\tele\crm\service\client\SearchUser.java
D:\RI-Timbl\branch\crm-soa-client\src\main\java\com\np\tele\crm\service\client\SearchUserResponse.java
D:\RI-Timbl\branch\crm-soa-client\src\main\java\com\np\tele\crm\service\client\SelfcareDto.java
D:\RI-Timbl\branch\crm-soa-client\src\main\java\com\np\tele\crm\service\client\SelfcareOperation.java
D:\RI-Timbl\branch\crm-soa-client\src\main\java\com\np\tele\crm\service\client\SelfcareOperationResponse.java
D:\RI-Timbl\branch\crm-soa-client\src\main\java\com\np\tele\crm\service\client\SendAlerts.java
D:\RI-Timbl\branch\crm-soa-client\src\main\java\com\np\tele\crm\service\client\SendAlertsResponse.java
D:\RI-Timbl\branch\crm-soa-client\src\main\java\com\np\tele\crm\service\client\SendExtAlerts.java
D:\RI-Timbl\branch\crm-soa-client\src\main\java\com\np\tele\crm\service\client\SendExtAlertsResponse.java
D:\RI-Timbl\branch\crm-soa-client\src\main\java\com\np\tele\crm\service\client\SLAOperations.java
D:\RI-Timbl\branch\crm-soa-client\src\main\java\com\np\tele\crm\service\client\SLAOperationsResponse.java
D:\RI-Timbl\branch\crm-soa-client\src\main\java\com\np\tele\crm\service\client\SlaReportPojo.java
D:\RI-Timbl\branch\crm-soa-client\src\main\java\com\np\tele\crm\service\client\SmsGatewayPojo.java
D:\RI-Timbl\branch\crm-soa-client\src\main\java\com\np\tele\crm\service\client\SmsTemplatePojo.java
D:\RI-Timbl\branch\crm-soa-client\src\main\java\com\np\tele\crm\service\client\SOAPException.java
D:\RI-Timbl\branch\crm-soa-client\src\main\java\com\np\tele\crm\service\client\SOAPException_Exception.java
D:\RI-Timbl\branch\crm-soa-client\src\main\java\com\np\tele\crm\service\client\SocietyNetworkPartnerPojo.java
D:\RI-Timbl\branch\crm-soa-client\src\main\java\com\np\tele\crm\service\client\SocietyPojo.java
D:\RI-Timbl\branch\crm-soa-client\src\main\java\com\np\tele\crm\service\client\StatePojo.java
D:\RI-Timbl\branch\crm-soa-client\src\main\java\com\np\tele\crm\service\client\TechProcessPgwPojo.java
D:\RI-Timbl\branch\crm-soa-client\src\main\java\com\np\tele\crm\service\client\TicketOperations.java
D:\RI-Timbl\branch\crm-soa-client\src\main\java\com\np\tele\crm\service\client\TicketOperationsResponse.java
D:\RI-Timbl\branch\crm-soa-client\src\main\java\com\np\tele\crm\service\client\TrackPayment.java
D:\RI-Timbl\branch\crm-soa-client\src\main\java\com\np\tele\crm\service\client\TrackPaymentResponse.java
D:\RI-Timbl\branch\crm-soa-client\src\main\java\com\np\tele\crm\service\client\UserEscalationAndWorkflowMapping.java
D:\RI-Timbl\branch\crm-soa-client\src\main\java\com\np\tele\crm\service\client\UserEscalationAndWorkflowMappingResponse.java
D:\RI-Timbl\branch\crm-soa-client\src\main\java\com\np\tele\crm\service\client\UserManagementServiceService.java
D:\RI-Timbl\branch\crm-soa-client\src\main\java\com\np\tele\crm\service\client\UserMapping.java
D:\RI-Timbl\branch\crm-soa-client\src\main\java\com\np\tele\crm\service\client\UserMappingResponse.java
D:\RI-Timbl\branch\crm-soa-client\src\main\java\com\np\tele\crm\service\client\UserMasterPojo.java
D:\RI-Timbl\branch\crm-soa-client\src\main\java\com\np\tele\crm\service\client\UserOperations.java
D:\RI-Timbl\branch\crm-soa-client\src\main\java\com\np\tele\crm\service\client\UserOperationsResponse.java
D:\RI-Timbl\branch\crm-soa-client\src\main\java\com\np\tele\crm\service\client\UserRolesPojo.java
D:\RI-Timbl\branch\crm-soa-client\src\main\java\com\np\tele\crm\service\client\ValidationMasterPojo.java
D:\RI-Timbl\branch\crm-soa-client\src\main\java\com\np\tele\crm\service\client\ValidityExtensionPojo.java
D:\RI-Timbl\branch\crm-soa-client\src\main\java\com\np\tele\crm\service\client\WorkFlowOperations.java
D:\RI-Timbl\branch\crm-soa-client\src\main\java\com\np\tele\crm\service\client\WorkFlowOperationsResponse.java
D:\RI-Timbl\branch\crm-soa-client\src\main\java\com\np\tele\crm\service\comparators\CrmCmsFilePojoComparator.java
D:\RI-Timbl\branch\crm-soa-client\src\main\java\com\np\tele\crm\service\comparators\CrmUserPojoComparator.java
D:\RI-Timbl\branch\crm-soa-client\src\main\java\com\np\tele\crm\service\comparators\EmailPojoComparator.java
D:\RI-Timbl\branch\crm-soa-client\src\main\java\com\np\tele\crm\service\comparators\GroupComparator.java
D:\RI-Timbl\branch\crm-soa-client\src\main\java\com\np\tele\crm\service\comparators\PojoComparator.java
D:\RI-Timbl\branch\crm-soa-client\src\main\java\com\np\tele\crm\service\comparators\ProjectPojoComparator.java
D:\RI-Timbl\branch\crm-soa-client\src\main\java\com\np\tele\crm\service\comparators\SMSPojoComparator.java
D:\RI-Timbl\branch\crm-soa-client\src\main\java\com\np\tele\crm\service\comparators\UserRolesPojoComparator.java
D:\RI-Timbl\branch\crm-soa-client\src\main\java\com\np\tele\crm\service\comparators\UserRolesSortComparator.java
